TN:
SF:src/components/AppDownloadBanner.tsx
FN:26,AppDownloadBanner
FN:30,(anonymous_1)
FN:34,(anonymous_2)
FN:52,(anonymous_3)
FN:62,(anonymous_4)
FN:72,(anonymous_5)
FN:103,(anonymous_6)
FN:119,(anonymous_7)
FN:125,(anonymous_8)
FN:158,(anonymous_9)
FN:166,(anonymous_10)
FN:173,(anonymous_11)
FNF:12
FNH:0
FNDA:0,AppDownloadBanner
FNDA:0,(anonymous_1)
FNDA:0,(anonymous_2)
FNDA:0,(anonymous_3)
FNDA:0,(anonymous_4)
FNDA:0,(anonymous_5)
FNDA:0,(anonymous_6)
FNDA:0,(anonymous_7)
FNDA:0,(anonymous_8)
FNDA:0,(anonymous_9)
FNDA:0,(anonymous_10)
FNDA:0,(anonymous_11)
DA:24,0
DA:27,0
DA:28,0
DA:30,0
DA:31,0
DA:34,0
DA:35,0
DA:36,0
DA:37,0
DA:38,0
DA:39,0
DA:42,0
DA:43,0
DA:46,0
DA:47,0
DA:52,0
DA:53,0
DA:54,0
DA:55,0
DA:56,0
DA:58,0
DA:62,0
DA:63,0
DA:64,0
DA:65,0
DA:66,0
DA:68,0
DA:72,0
DA:74,0
DA:76,0
DA:79,0
DA:83,0
DA:84,0
DA:87,0
DA:103,0
DA:119,0
DA:125,0
DA:158,0
DA:166,0
DA:173,0
DA:188,0
LF:41
LH:0
BRDA:26,0,0,0
BRDA:35,1,0,0
BRDA:35,1,1,0
BRDA:38,2,0,0
BRDA:38,2,1,0
BRDA:42,3,0,0
BRDA:42,3,1,0
BRDA:42,4,0,0
BRDA:42,4,1,0
BRDA:74,5,0,0
BRDA:74,5,1,0
BRDA:83,6,0,0
BRDA:83,6,1,0
BRDA:83,7,0,0
BRDA:83,7,1,0
BRF:15
BRH:0
end_of_record
TN:
SF:src/components/OptimizedStationSelectModal.tsx
FN:41,(anonymous_0)
FN:42,(anonymous_1)
FN:53,useDebounce
FN:56,(anonymous_3)
FN:57,(anonymous_4)
FN:61,(anonymous_5)
FN:69,OptimizedStationSelectModal
FN:84,(anonymous_7)
FN:91,(anonymous_8)
FN:103,(anonymous_9)
FN:116,(anonymous_10)
FN:118,(anonymous_11)
FN:125,(anonymous_12)
FN:126,(anonymous_13)
FN:132,(anonymous_14)
FN:133,(anonymous_15)
FN:151,(anonymous_16)
FN:152,(anonymous_17)
FN:155,(anonymous_18)
FN:157,(anonymous_19)
FN:157,(anonymous_20)
FN:162,(anonymous_21)
FN:163,(anonymous_22)
FN:166,(anonymous_23)
FN:172,(anonymous_24)
FN:175,(anonymous_25)
FN:187,(anonymous_26)
FN:203,(anonymous_27)
FN:209,(anonymous_28)
FN:218,(anonymous_29)
FN:232,(anonymous_30)
FN:244,(anonymous_31)
FN:253,(anonymous_32)
FN:260,(anonymous_33)
FN:267,(anonymous_34)
FN:275,(anonymous_35)
FN:319,(anonymous_36)
FN:344,(anonymous_37)
FNF:38
FNH:0
FNDA:0,(anonymous_0)
FNDA:0,(anonymous_1)
FNDA:0,useDebounce
FNDA:0,(anonymous_3)
FNDA:0,(anonymous_4)
FNDA:0,(anonymous_5)
FNDA:0,OptimizedStationSelectModal
FNDA:0,(anonymous_7)
FNDA:0,(anonymous_8)
FNDA:0,(anonymous_9)
FNDA:0,(anonymous_10)
FNDA:0,(anonymous_11)
FNDA:0,(anonymous_12)
FNDA:0,(anonymous_13)
FNDA:0,(anonymous_14)
FNDA:0,(anonymous_15)
FNDA:0,(anonymous_16)
FNDA:0,(anonymous_17)
FNDA:0,(anonymous_18)
FNDA:0,(anonymous_19)
FNDA:0,(anonymous_20)
FNDA:0,(anonymous_21)
FNDA:0,(anonymous_22)
FNDA:0,(anonymous_23)
FNDA:0,(anonymous_24)
FNDA:0,(anonymous_25)
FNDA:0,(anonymous_26)
FNDA:0,(anonymous_27)
FNDA:0,(anonymous_28)
FNDA:0,(anonymous_29)
FNDA:0,(anonymous_30)
FNDA:0,(anonymous_31)
FNDA:0,(anonymous_32)
FNDA:0,(anonymous_33)
FNDA:0,(anonymous_34)
FNDA:0,(anonymous_35)
FNDA:0,(anonymous_36)
FNDA:0,(anonymous_37)
DA:37,0
DA:41,0
DA:42,0
DA:43,0
DA:44,0
DA:45,0
DA:46,0
DA:48,0
DA:54,0
DA:56,0
DA:57,0
DA:58,0
DA:61,0
DA:62,0
DA:66,0
DA:75,0
DA:76,0
DA:77,0
DA:78,0
DA:79,0
DA:80,0
DA:82,0
DA:84,0
DA:85,0
DA:86,0
DA:87,0
DA:91,0
DA:92,0
DA:93,0
DA:94,0
DA:95,0
DA:97,0
DA:99,0
DA:103,0
DA:104,0
DA:105,0
DA:109,0
DA:110,0
DA:112,0
DA:116,0
DA:117,0
DA:118,0
DA:121,0
DA:122,0
DA:125,0
DA:126,0
DA:127,0
DA:128,0
DA:132,0
DA:133,0
DA:134,0
DA:135,0
DA:138,0
DA:144,0
DA:146,0
DA:151,0
DA:152,0
DA:155,0
DA:156,0
DA:157,0
DA:162,0
DA:163,0
DA:166,0
DA:167,0
DA:168,0
DA:169,0
DA:172,0
DA:173,0
DA:175,0
DA:187,0
DA:203,0
DA:204,0
DA:209,0
DA:210,0
DA:211,0
DA:218,0
DA:232,0
DA:233,0
DA:240,0
DA:244,0
DA:245,0
DA:246,0
DA:247,0
DA:249,0
DA:251,0
DA:252,0
DA:253,0
DA:254,0
DA:258,0
DA:259,0
DA:260,0
DA:261,0
DA:265,0
DA:266,0
DA:267,0
DA:268,0
DA:272,0
DA:275,0
DA:276,0
DA:277,0
DA:279,0
DA:282,0
DA:319,0
DA:344,0
DA:365,0
LF:105
LH:0
BRDA:44,0,0,0
BRDA:44,0,1,0
BRDA:44,1,0,0
BRDA:44,1,1,0
BRDA:46,2,0,0
BRDA:46,2,1,0
BRDA:73,3,0,0
BRDA:85,4,0,0
BRDA:85,4,1,0
BRDA:109,5,0,0
BRDA:109,5,1,0
BRDA:110,6,0,0
BRDA:110,6,1,0
BRDA:117,7,0,0
BRDA:117,7,1,0
BRDA:138,8,0,0
BRDA:138,8,1,0
BRDA:138,8,2,0
BRDA:138,8,3,0
BRDA:144,9,0,0
BRDA:144,9,1,0
BRDA:146,10,0,0
BRDA:146,10,1,0
BRDA:180,11,0,0
BRDA:180,11,1,0
BRDA:190,12,0,0
BRDA:190,12,1,0
BRDA:216,13,0,0
BRDA:216,13,1,0
BRDA:218,14,0,0
BRDA:218,14,1,0
BRDA:223,15,0,0
BRDA:223,15,1,0
BRDA:240,16,0,0
BRDA:240,16,1,0
BRDA:251,17,0,0
BRDA:251,17,1,0
BRDA:258,18,0,0
BRDA:258,18,1,0
BRDA:258,19,0,0
BRDA:258,19,1,0
BRDA:265,20,0,0
BRDA:265,20,1,0
BRDA:265,21,0,0
BRDA:265,21,1,0
BRDA:265,21,2,0
BRDA:276,22,0,0
BRDA:276,22,1,0
BRDA:277,23,0,0
BRDA:277,23,1,0
BRDA:317,24,0,0
BRDA:317,24,1,0
BRDA:324,25,0,0
BRDA:324,25,1,0
BRDA:335,26,0,0
BRDA:335,26,1,0
BRDA:349,27,0,0
BRDA:349,27,1,0
BRDA:349,28,0,0
BRDA:349,28,1,0
BRF:60
BRH:0
end_of_record
TN:
SF:src/components/RoleSwitcher.tsx
FN:26,(anonymous_0)
FN:35,(anonymous_1)
FN:43,(anonymous_2)
FN:62,(anonymous_3)
FN:77,(anonymous_4)
FNF:5
FNH:0
FNDA:0,(anonymous_0)
FNDA:0,(anonymous_1)
FNDA:0,(anonymous_2)
FNDA:0,(anonymous_3)
FNDA:0,(anonymous_4)
DA:18,0
DA:26,0
DA:31,0
DA:35,0
DA:36,0
DA:43,0
DA:44,0
DA:45,0
DA:49,0
DA:62,0
DA:77,0
DA:100,0
LF:12
LH:0
BRDA:29,0,0,0
BRDA:32,1,0,0
BRDA:32,1,1,0
BRDA:37,2,0,0
BRDA:37,2,1,0
BRDA:44,3,0,0
BRDA:44,3,1,0
BRDA:50,4,0,0
BRDA:50,4,1,0
BRDA:69,5,0,0
BRDA:69,5,1,0
BRDA:84,6,0,0
BRDA:84,6,1,0
BRDA:92,7,0,0
BRDA:92,7,1,0
BRF:15
BRH:0
end_of_record
TN:
SF:src/components/StationSelectModal.tsx
FN:41,StationSelectModal
FN:53,(anonymous_1)
FN:59,(anonymous_2)
FN:72,(anonymous_3)
FN:80,(anonymous_4)
FN:87,(anonymous_5)
FN:87,(anonymous_6)
FN:90,(anonymous_7)
FN:91,(anonymous_8)
FN:93,(anonymous_9)
FN:98,(anonymous_10)
FN:103,(anonymous_11)
FN:106,(anonymous_12)
FN:118,(anonymous_13)
FN:171,(anonymous_14)
FN:173,(anonymous_15)
FN:174,(anonymous_16)
FN:188,(anonymous_17)
FN:214,(anonymous_18)
FNF:19
FNH:0
FNDA:0,StationSelectModal
FNDA:0,(anonymous_1)
FNDA:0,(anonymous_2)
FNDA:0,(anonymous_3)
FNDA:0,(anonymous_4)
FNDA:0,(anonymous_5)
FNDA:0,(anonymous_6)
FNDA:0,(anonymous_7)
FNDA:0,(anonymous_8)
FNDA:0,(anonymous_9)
FNDA:0,(anonymous_10)
FNDA:0,(anonymous_11)
FNDA:0,(anonymous_12)
FNDA:0,(anonymous_13)
FNDA:0,(anonymous_14)
FNDA:0,(anonymous_15)
FNDA:0,(anonymous_16)
FNDA:0,(anonymous_17)
FNDA:0,(anonymous_18)
DA:48,0
DA:49,0
DA:50,0
DA:51,0
DA:53,0
DA:54,0
DA:55,0
DA:59,0
DA:60,0
DA:61,0
DA:62,0
DA:63,0
DA:65,0
DA:67,0
DA:72,0
DA:74,0
DA:79,0
DA:80,0
DA:82,0
DA:86,0
DA:87,0
DA:90,0
DA:91,0
DA:92,0
DA:93,0
DA:98,0
DA:99,0
DA:100,0
DA:103,0
DA:104,0
DA:106,0
DA:119,0
DA:135,0
DA:172,0
DA:173,0
DA:174,0
DA:176,0
DA:178,0
DA:188,0
DA:214,0
DA:232,0
LF:41
LH:0
BRDA:45,0,0,0
BRDA:46,1,0,0
BRDA:54,2,0,0
BRDA:54,2,1,0
BRDA:74,3,0,0
BRDA:74,3,1,0
BRDA:74,3,2,0
BRDA:79,4,0,0
BRDA:79,4,1,0
BRDA:82,5,0,0
BRDA:82,5,1,0
BRDA:87,6,0,0
BRDA:87,6,1,0
BRDA:92,7,0,0
BRDA:92,7,1,0
BRDA:110,8,0,0
BRDA:110,8,1,0
BRDA:123,9,0,0
BRDA:123,9,1,0
BRDA:173,10,0,0
BRDA:173,10,1,0
BRDA:183,11,0,0
BRDA:183,11,1,0
BRDA:184,12,0,0
BRDA:184,12,1,0
BRDA:185,13,0,0
BRDA:185,13,1,0
BRDA:193,14,0,0
BRDA:193,14,1,0
BRDA:196,15,0,0
BRDA:196,15,1,0
BRDA:205,16,0,0
BRDA:205,16,1,0
BRDA:219,17,0,0
BRDA:219,17,1,0
BRDA:219,18,0,0
BRDA:219,18,1,0
BRF:37
BRH:0
end_of_record
TN:
SF:src/components/index.ts
FNF:0
FNH:0
LF:0
LH:0
BRF:0
BRH:0
end_of_record
TN:
SF:src/components/theme.ts
FNF:0
FNH:0
DA:6,0
DA:53,0
DA:81,0
DA:90,0
DA:98,0
DA:122,0
LF:6
LH:0
BRF:0
BRH:0
end_of_record
TN:
SF:src/components/common/Animations.tsx
FN:24,FadeIn
FN:32,(anonymous_1)
FN:58,SlideUp
FN:67,(anonymous_3)
FN:93,ScaleIn
FN:102,(anonymous_5)
FN:128,StaggerChildren
FN:136,(anonymous_7)
FN:142,(anonymous_8)
FN:143,(anonymous_9)
FN:174,(anonymous_10)
FN:198,Pulse
FN:206,(anonymous_12)
FN:224,(anonymous_13)
FN:242,Shimmer
FN:245,(anonymous_15)
FNF:16
FNH:0
FNDA:0,FadeIn
FNDA:0,(anonymous_1)
FNDA:0,SlideUp
FNDA:0,(anonymous_3)
FNDA:0,ScaleIn
FNDA:0,(anonymous_5)
FNDA:0,StaggerChildren
FNDA:0,(anonymous_7)
FNDA:0,(anonymous_8)
FNDA:0,(anonymous_9)
FNDA:0,(anonymous_10)
FNDA:0,Pulse
FNDA:0,(anonymous_12)
FNDA:0,(anonymous_13)
FNDA:0,Shimmer
FNDA:0,(anonymous_15)
DA:30,0
DA:32,0
DA:33,0
DA:41,0
DA:65,0
DA:67,0
DA:68,0
DA:76,0
DA:100,0
DA:102,0
DA:103,0
DA:111,0
DA:135,0
DA:136,0
DA:142,0
DA:143,0
DA:144,0
DA:146,0
DA:147,0
DA:156,0
DA:157,0
DA:166,0
DA:169,0
DA:172,0
DA:175,0
DA:204,0
DA:206,0
DA:207,0
DA:222,0
DA:224,0
DA:227,0
DA:243,0
DA:245,0
DA:246,0
DA:255,0
DA:260,0
DA:265,0
DA:285,0
LF:38
LH:0
BRDA:26,0,0,0
BRDA:27,1,0,0
BRDA:60,2,0,0
BRDA:61,3,0,0
BRDA:62,4,0,0
BRDA:95,5,0,0
BRDA:96,6,0,0
BRDA:97,7,0,0
BRDA:130,8,0,0
BRDA:131,9,0,0
BRDA:132,10,0,0
BRDA:138,11,0,0
BRDA:138,11,1,0
BRDA:146,12,0,0
BRDA:146,12,1,0
BRDA:156,13,0,0
BRDA:156,13,1,0
BRDA:200,14,0,0
BRDA:201,15,0,0
BRDA:242,16,0,0
BRDA:242,17,0,0
BRF:21
BRH:0
end_of_record
TN:
SF:src/components/common/Button.tsx
FN:33,Button
FN:68,(anonymous_1)
FN:79,(anonymous_2)
FNF:3
FNH:0
FNDA:0,Button
FNDA:0,(anonymous_1)
FNDA:0,(anonymous_2)
DA:47,0
DA:49,0
DA:60,0
DA:68,0
DA:69,0
DA:70,0
DA:71,0
DA:72,0
DA:79,0
DA:80,0
DA:84,0
DA:100,0
DA:116,0
LF:13
LH:0
BRDA:36,0,0,0
BRDA:37,1,0,0
BRDA:38,2,0,0
BRDA:39,3,0,0
BRDA:40,4,0,0
BRDA:42,5,0,0
BRDA:53,6,0,0
BRDA:53,6,1,0
BRDA:54,7,0,0
BRDA:54,7,1,0
BRDA:55,8,0,0
BRDA:55,8,1,0
BRDA:56,9,0,0
BRDA:56,9,1,0
BRDA:64,10,0,0
BRDA:64,10,1,0
BRDA:70,11,0,0
BRDA:70,11,1,0
BRDA:85,12,0,0
BRDA:85,12,1,0
BRDA:87,13,0,0
BRDA:87,13,1,0
BRDA:87,14,0,0
BRDA:87,14,1,0
BRDA:88,15,0,0
BRDA:88,15,1,0
BRDA:92,16,0,0
BRDA:92,16,1,0
BRDA:92,16,2,0
BRDA:94,17,0,0
BRDA:94,17,1,0
BRDA:94,17,2,0
BRDA:106,18,0,0
BRDA:106,18,1,0
BRDA:107,19,0,0
BRDA:107,19,1,0
BRDA:109,20,0,0
BRDA:109,20,1,0
BRF:38
BRH:0
end_of_record
TN:
SF:src/components/common/Card.tsx
FN:23,Card
FN:33,(anonymous_1)
FN:44,(anonymous_2)
FNF:3
FNH:0
FNDA:0,Card
FNDA:0,(anonymous_1)
FNDA:0,(anonymous_2)
DA:31,0
DA:33,0
DA:34,0
DA:35,0
DA:44,0
DA:45,0
DA:46,0
DA:55,0
DA:63,0
DA:65,0
DA:66,0
DA:81,0
DA:88,0
LF:13
LH:0
BRDA:25,0,0,0
BRDA:26,1,0,0
BRDA:34,2,0,0
BRDA:34,2,1,0
BRDA:45,3,0,0
BRDA:45,3,1,0
BRDA:59,4,0,0
BRDA:59,4,1,0
BRDA:65,5,0,0
BRDA:65,5,1,0
BRF:10
BRH:0
end_of_record
TN:
SF:src/components/common/Chip.tsx
FN:26,Chip
FNF:1
FNH:0
FNDA:0,Chip
DA:37,0
DA:46,0
DA:54,0
DA:69,0
DA:70,0
DA:83,0
DA:90,0
LF:7
LH:0
BRDA:30,0,0,0
BRDA:31,1,0,0
BRDA:33,2,0,0
BRDA:34,3,0,0
BRDA:41,4,0,0
BRDA:41,4,1,0
BRDA:42,5,0,0
BRDA:42,5,1,0
BRDA:50,6,0,0
BRDA:50,6,1,0
BRDA:55,7,0,0
BRDA:55,7,1,0
BRDA:57,8,0,0
BRDA:57,8,1,0
BRDA:69,9,0,0
BRDA:69,9,1,0
BRDA:69,10,0,0
BRDA:69,10,1,0
BRF:18
BRH:0
end_of_record
TN:
SF:src/components/common/DaySelector.tsx
FN:27,DaySelector
FN:33,(anonymous_1)
FN:35,(anonymous_2)
FN:41,(anonymous_3)
FN:43,(anonymous_4)
FN:45,(anonymous_5)
FN:47,(anonymous_6)
FN:52,(anonymous_7)
FN:54,(anonymous_8)
FN:56,(anonymous_9)
FN:58,(anonymous_10)
FN:63,(anonymous_11)
FN:64,(anonymous_12)
FN:103,(anonymous_13)
FN:110,(anonymous_14)
FN:127,(anonymous_15)
FNF:16
FNH:0
FNDA:0,DaySelector
FNDA:0,(anonymous_1)
FNDA:0,(anonymous_2)
FNDA:0,(anonymous_3)
FNDA:0,(anonymous_4)
FNDA:0,(anonymous_5)
FNDA:0,(anonymous_6)
FNDA:0,(anonymous_7)
FNDA:0,(anonymous_8)
FNDA:0,(anonymous_9)
FNDA:0,(anonymous_10)
FNDA:0,(anonymous_11)
FNDA:0,(anonymous_12)
FNDA:0,(anonymous_13)
FNDA:0,(anonymous_14)
FNDA:0,(anonymous_15)
DA:10,0
DA:33,0
DA:34,0
DA:35,0
DA:37,0
DA:41,0
DA:42,0
DA:43,0
DA:44,0
DA:45,0
DA:47,0
DA:48,0
DA:52,0
DA:53,0
DA:54,0
DA:55,0
DA:56,0
DA:58,0
DA:59,0
DA:63,0
DA:64,0
DA:66,0
DA:104,0
DA:110,0
DA:127,0
DA:134,0
LF:26
LH:0
BRDA:30,0,0,0
BRDA:34,1,0,0
BRDA:34,1,1,0
BRDA:44,2,0,0
BRDA:44,2,1,0
BRDA:55,3,0,0
BRDA:55,3,1,0
BRDA:68,4,0,0
BRDA:68,4,1,0
BRDA:73,5,0,0
BRDA:73,5,1,0
BRDA:79,6,0,0
BRDA:79,6,1,0
BRDA:87,7,0,0
BRDA:87,7,1,0
BRDA:93,8,0,0
BRDA:93,8,1,0
BRDA:108,9,0,0
BRDA:108,9,1,0
BRDA:116,10,0,0
BRDA:116,10,1,0
BRDA:125,11,0,0
BRDA:125,11,1,0
BRF:23
BRH:0
end_of_record
TN:
SF:src/components/common/IconAdapter.tsx
FN:39,Icon
FN:66,useIconFallback
FNF:2
FNH:0
FNDA:0,Icon
FNDA:0,useIconFallback
DA:11,0
DA:41,0
DA:42,0
DA:43,0
DA:60,0
DA:67,0
LF:6
LH:0
BRDA:39,0,0,0
BRDA:39,1,0,0
BRDA:41,2,0,0
BRDA:41,2,1,0
BRDA:42,3,0,0
BRDA:42,3,1,0
BRF:6
BRH:0
end_of_record
TN:
SF:src/components/common/Input.tsx
FN:27,Input
FN:43,(anonymous_1)
FN:52,(anonymous_2)
FNF:3
FNH:0
FNDA:0,Input
FNDA:0,(anonymous_1)
FNDA:0,(anonymous_2)
DA:38,0
DA:39,0
DA:41,0
DA:43,0
DA:44,0
DA:45,0
DA:52,0
DA:53,0
DA:54,0
DA:61,0
DA:69,0
DA:121,0
LF:12
LH:0
BRDA:31,0,0,0
BRDA:32,1,0,0
BRDA:41,2,0,0
BRDA:41,2,1,0
BRDA:64,3,0,0
BRDA:64,3,1,0
BRDA:65,4,0,0
BRDA:65,4,1,0
BRDA:71,5,0,0
BRDA:71,5,1,0
BRDA:75,6,0,0
BRDA:75,6,1,0
BRDA:89,7,0,0
BRDA:89,7,1,0
BRDA:90,8,0,0
BRDA:90,8,1,0
BRDA:93,9,0,0
BRDA:93,9,1,0
BRDA:103,10,0,0
BRDA:103,10,1,0
BRDA:106,11,0,0
BRDA:106,11,1,0
BRDA:112,12,0,0
BRDA:112,12,1,0
BRDA:112,12,2,0
BRF:25
BRH:0
end_of_record
TN:
SF:src/components/common/Modal.tsx
FN:25,Modal
FN:36,(anonymous_1)
FNF:2
FNH:0
FNDA:0,Modal
FNDA:0,(anonymous_1)
DA:36,0
DA:37,0
DA:38,0
DA:42,0
DA:78,0
LF:5
LH:0
BRDA:29,0,0,0
BRDA:30,1,0,0
BRDA:31,2,0,0
BRDA:32,3,0,0
BRDA:37,4,0,0
BRDA:37,4,1,0
BRDA:57,5,0,0
BRDA:57,5,1,0
BRDA:58,6,0,0
BRDA:58,6,1,0
BRF:10
BRH:0
end_of_record
TN:
SF:src/components/common/ProgressBar.tsx
FN:19,ProgressBar
FNF:1
FNH:0
FNDA:0,ProgressBar
DA:27,0
DA:28,0
DA:30,0
DA:45,0
LF:4
LH:0
BRDA:21,0,0,0
BRDA:22,1,0,0
BRDA:23,2,0,0
BRDA:25,3,0,0
BRF:4
BRH:0
end_of_record
TN:
SF:src/components/common/RatingStars.tsx
FN:14,RatingStars
FN:24,(anonymous_1)
FN:30,(anonymous_2)
FN:45,(anonymous_3)
FN:46,(anonymous_4)
FN:47,(anonymous_5)
FN:63,(anonymous_6)
FNF:7
FNH:0
FNDA:0,RatingStars
FNDA:0,(anonymous_1)
FNDA:0,(anonymous_2)
FNDA:0,(anonymous_3)
FNDA:0,(anonymous_4)
FNDA:0,(anonymous_5)
FNDA:0,(anonymous_6)
DA:22,0
DA:24,0
DA:25,0
DA:26,0
DA:30,0
DA:31,0
DA:32,0
DA:33,0
DA:34,0
DA:36,0
DA:42,0
DA:45,0
DA:46,0
DA:47,0
DA:61,0
DA:63,0
DA:68,0
LF:17
LH:0
BRDA:16,0,0,0
BRDA:17,1,0,0
BRDA:18,2,0,0
BRDA:19,3,0,0
BRDA:25,4,0,0
BRDA:25,4,1,0
BRDA:25,5,0,0
BRDA:25,5,1,0
BRDA:33,6,0,0
BRDA:33,6,1,0
BRDA:33,6,2,0
BRDA:34,7,0,0
BRDA:34,7,1,0
BRDA:34,7,2,0
BRDA:38,8,0,0
BRDA:38,8,1,0
BRDA:38,9,0,0
BRDA:38,9,1,0
BRDA:39,10,0,0
BRDA:39,10,1,0
BRDA:46,11,0,0
BRDA:46,11,1,0
BRDA:50,12,0,0
BRDA:50,12,1,0
BRDA:51,13,0,0
BRDA:51,13,1,0
BRDA:55,14,0,0
BRDA:55,14,1,0
BRDA:55,15,0,0
BRDA:55,15,1,0
BRF:30
BRH:0
end_of_record
TN:
SF:src/components/common/RoleSlider.tsx
FN:14,RoleSlider
FN:19,(anonymous_1)
FNF:2
FNH:0
FNDA:0,RoleSlider
FNDA:0,(anonymous_1)
DA:6,0
DA:19,0
DA:20,0
DA:22,0
DA:23,0
DA:26,0
DA:28,0
DA:116,0
LF:8
LH:0
BRDA:17,0,0,0
BRDA:20,1,0,0
BRDA:20,1,1,0
BRDA:20,2,0,0
BRDA:20,2,1,0
BRDA:22,3,0,0
BRDA:22,3,1,0
BRDA:44,4,0,0
BRDA:44,4,1,0
BRDA:47,5,0,0
BRDA:47,5,1,0
BRDA:53,6,0,0
BRDA:53,6,1,0
BRDA:60,7,0,0
BRDA:60,7,1,0
BRDA:68,8,0,0
BRDA:68,8,1,0
BRDA:79,9,0,0
BRDA:79,9,1,0
BRDA:82,10,0,0
BRDA:82,10,1,0
BRDA:88,11,0,0
BRDA:88,11,1,0
BRDA:95,12,0,0
BRDA:95,12,1,0
BRDA:103,13,0,0
BRDA:103,13,1,0
BRF:27
BRH:0
end_of_record
TN:
SF:src/components/common/RouteVisualization.tsx
FN:35,RouteVisualization
FN:44,(anonymous_1)
FN:52,(anonymous_2)
FN:56,(anonymous_3)
FN:69,(anonymous_4)
FN:71,(anonymous_5)
FN:88,(anonymous_6)
FNF:7
FNH:0
FNDA:0,RouteVisualization
FNDA:0,(anonymous_1)
FNDA:0,(anonymous_2)
FNDA:0,(anonymous_3)
FNDA:0,(anonymous_4)
FNDA:0,(anonymous_5)
FNDA:0,(anonymous_6)
DA:20,0
DA:42,0
DA:44,0
DA:45,0
DA:52,0
DA:53,0
DA:56,0
DA:57,0
DA:58,0
DA:59,0
DA:60,0
DA:62,0
DA:69,0
DA:70,0
DA:71,0
DA:74,0
DA:89,0
DA:90,0
DA:91,0
DA:93,0
DA:149,0
LF:21
LH:0
BRDA:37,0,0,0
BRDA:38,1,0,0
BRDA:53,2,0,0
BRDA:53,2,1,0
BRDA:57,3,0,0
BRDA:57,3,1,0
BRDA:57,4,0,0
BRDA:57,4,1,0
BRDA:63,5,0,0
BRDA:63,5,1,0
BRDA:70,6,0,0
BRDA:70,6,1,0
BRDA:71,7,0,0
BRDA:71,7,1,0
BRDA:77,8,0,0
BRDA:77,8,1,0
BRDA:77,8,2,0
BRDA:101,9,0,0
BRDA:101,9,1,0
BRDA:102,10,0,0
BRDA:102,10,1,0
BRDA:106,11,0,0
BRDA:106,11,1,0
BRDA:106,11,2,0
BRDA:123,12,0,0
BRDA:123,12,1,0
BRDA:123,12,2,0
BRDA:131,13,0,0
BRDA:131,13,1,0
BRF:29
BRH:0
end_of_record
TN:
SF:src/components/common/StationSelectModal.tsx
FN:28,StationSelectModal
FN:38,(anonymous_1)
FN:42,(anonymous_2)
FN:48,(anonymous_3)
FN:87,(anonymous_4)
FN:91,(anonymous_5)
FN:97,(anonymous_6)
FNF:7
FNH:0
FNDA:0,StationSelectModal
FNDA:0,(anonymous_1)
FNDA:0,(anonymous_2)
FNDA:0,(anonymous_3)
FNDA:0,(anonymous_4)
FNDA:0,(anonymous_5)
FNDA:0,(anonymous_6)
DA:36,0
DA:38,0
DA:39,0
DA:42,0
DA:43,0
DA:44,0
DA:45,0
DA:48,0
DA:49,0
DA:50,0
DA:53,0
DA:88,0
DA:91,0
DA:97,0
DA:117,0
LF:15
LH:0
BRDA:34,0,0,0
BRDA:78,1,0,0
BRDA:78,1,1,0
BRDA:78,1,2,0
BRDA:105,2,0,0
BRDA:105,2,1,0
BRF:6
BRH:0
end_of_record
TN:
SF:src/components/common/TextInputModal.tsx
FN:26,TextInputModal
FNF:1
FNH:0
FNDA:0,TextInputModal
DA:39,0
DA:83,0
LF:2
LH:0
BRDA:32,0,0,0
BRDA:33,1,0,0
BRDA:34,2,0,0
BRDA:49,3,0,0
BRDA:49,3,1,0
BRDA:70,4,0,0
BRDA:70,4,1,0
BRF:7
BRH:0
end_of_record
TN:
SF:src/components/common/TimePicker.tsx
FN:27,(anonymous_0)
FN:46,TimePicker
FN:56,(anonymous_2)
FN:59,(anonymous_3)
FN:64,(anonymous_4)
FN:68,(anonymous_5)
FN:71,(anonymous_6)
FN:76,(anonymous_7)
FN:83,(anonymous_8)
FN:88,(anonymous_9)
FN:94,(anonymous_10)
FN:98,(anonymous_11)
FN:114,(anonymous_12)
FN:147,(anonymous_13)
FN:156,(anonymous_14)
FN:165,(anonymous_15)
FN:179,(anonymous_16)
FN:189,(anonymous_17)
FN:201,(anonymous_18)
FNF:19
FNH:0
FNDA:0,(anonymous_0)
FNDA:0,TimePicker
FNDA:0,(anonymous_2)
FNDA:0,(anonymous_3)
FNDA:0,(anonymous_4)
FNDA:0,(anonymous_5)
FNDA:0,(anonymous_6)
FNDA:0,(anonymous_7)
FNDA:0,(anonymous_8)
FNDA:0,(anonymous_9)
FNDA:0,(anonymous_10)
FNDA:0,(anonymous_11)
FNDA:0,(anonymous_12)
FNDA:0,(anonymous_13)
FNDA:0,(anonymous_14)
FNDA:0,(anonymous_15)
FNDA:0,(anonymous_16)
FNDA:0,(anonymous_17)
FNDA:0,(anonymous_18)
DA:27,0
DA:28,0
DA:29,0
DA:30,0
DA:31,0
DA:32,0
DA:35,0
DA:38,0
DA:41,0
DA:53,0
DA:56,0
DA:57,0
DA:58,0
DA:59,0
DA:62,0
DA:64,0
DA:65,0
DA:68,0
DA:69,0
DA:70,0
DA:71,0
DA:72,0
DA:73,0
DA:76,0
DA:77,0
DA:78,0
DA:79,0
DA:80,0
DA:83,0
DA:84,0
DA:85,0
DA:88,0
DA:89,0
DA:90,0
DA:91,0
DA:94,0
DA:95,0
DA:98,0
DA:99,0
DA:100,0
DA:108,0
DA:114,0
DA:147,0
DA:156,0
DA:180,0
DA:181,0
DA:182,0
DA:183,0
DA:184,0
DA:190,0
DA:191,0
DA:193,0
DA:201,0
DA:229,0
LF:54
LH:0
BRDA:49,0,0,0
BRDA:50,1,0,0
BRDA:51,2,0,0
BRDA:58,3,0,0
BRDA:58,3,1,0
BRDA:59,4,0,0
BRDA:59,4,1,0
BRDA:71,5,0,0
BRDA:71,5,1,0
BRDA:95,6,0,0
BRDA:95,6,1,0
BRDA:110,7,0,0
BRDA:110,7,1,0
BRDA:117,8,0,0
BRDA:117,8,1,0
BRDA:183,9,0,0
BRDA:183,9,1,0
BRDA:183,10,0,0
BRDA:183,10,1,0
BRDA:198,11,0,0
BRDA:198,11,1,0
BRDA:199,12,0,0
BRDA:199,12,1,0
BRDA:206,13,0,0
BRDA:206,13,1,0
BRDA:207,14,0,0
BRDA:207,14,1,0
BRF:27
BRH:0
end_of_record
TN:
SF:src/components/common/Toast.tsx
FN:28,Toast
FN:37,(anonymous_1)
FN:45,(anonymous_2)
FN:49,(anonymous_3)
FN:55,(anonymous_4)
FN:60,(anonymous_5)
FN:69,(anonymous_6)
FN:82,(anonymous_7)
FNF:8
FNH:0
FNDA:0,Toast
FNDA:0,(anonymous_1)
FNDA:0,(anonymous_2)
FNDA:0,(anonymous_3)
FNDA:0,(anonymous_4)
FNDA:0,(anonymous_5)
FNDA:0,(anonymous_6)
FNDA:0,(anonymous_7)
DA:35,0
DA:37,0
DA:38,0
DA:39,0
DA:45,0
DA:46,0
DA:49,0
DA:51,0
DA:55,0
DA:56,0
DA:61,0
DA:65,0
DA:66,0
DA:69,0
DA:70,0
DA:72,0
DA:74,0
DA:76,0
DA:78,0
DA:82,0
DA:83,0
DA:85,0
DA:87,0
DA:89,0
DA:91,0
DA:95,0
DA:116,0
LF:27
LH:0
BRDA:30,0,0,0
BRDA:31,1,0,0
BRDA:38,2,0,0
BRDA:38,2,1,0
BRDA:65,3,0,0
BRDA:65,3,1,0
BRDA:70,4,0,0
BRDA:70,4,1,0
BRDA:70,4,2,0
BRDA:70,4,3,0
BRDA:83,5,0,0
BRDA:83,5,1,0
BRDA:83,5,2,0
BRDA:83,5,3,0
BRDA:125,6,0,0
BRDA:125,6,1,0
BRDA:125,7,0,0
BRDA:125,7,1,0
BRF:18
BRH:0
end_of_record
TN:
SF:src/components/common/index.ts
FNF:0
FNH:0
LF:0
LH:0
BRF:0
BRH:0
end_of_record
TN:
SF:src/components/delivery/LockerLocator.tsx
FN:35,LockerLocator
FN:41,(anonymous_1)
FN:53,(anonymous_2)
FN:66,(anonymous_3)
FN:71,(anonymous_4)
FN:85,(anonymous_5)
FN:88,(anonymous_6)
FN:143,(anonymous_7)
FN:152,(anonymous_8)
FN:166,(anonymous_9)
FNF:10
FNH:0
FNDA:0,LockerLocator
FNDA:0,(anonymous_1)
FNDA:0,(anonymous_2)
FNDA:0,(anonymous_3)
FNDA:0,(anonymous_4)
FNDA:0,(anonymous_5)
FNDA:0,(anonymous_6)
FNDA:0,(anonymous_7)
FNDA:0,(anonymous_8)
FNDA:0,(anonymous_9)
DA:24,0
DA:36,0
DA:37,0
DA:38,0
DA:39,0
DA:41,0
DA:42,0
DA:43,0
DA:46,0
DA:47,0
DA:49,0
DA:52,0
DA:53,0
DA:56,0
DA:58,0
DA:59,0
DA:61,0
DA:65,0
DA:67,0
DA:71,0
DA:72,0
DA:82,0
DA:85,0
DA:86,0
DA:88,0
DA:118,0
DA:119,0
DA:127,0
DA:143,0
DA:152,0
DA:166,0
DA:225,0
LF:32
LH:0
BRDA:46,0,0,0
BRDA:46,0,1,0
BRDA:53,1,0,0
BRDA:53,1,1,0
BRDA:75,2,0,0
BRDA:75,2,1,0
BRDA:79,3,0,0
BRDA:79,3,1,0
BRDA:93,4,0,0
BRDA:93,4,1,0
BRDA:95,5,0,0
BRDA:95,5,1,0
BRDA:106,6,0,0
BRDA:106,6,1,0
BRDA:118,7,0,0
BRDA:118,7,1,0
BRDA:142,8,0,0
BRDA:142,8,1,0
BRDA:145,9,0,0
BRDA:145,9,1,0
BRDA:146,10,0,0
BRDA:146,10,1,0
BRDA:151,11,0,0
BRDA:151,11,1,0
BRDA:154,12,0,0
BRDA:154,12,1,0
BRDA:155,13,0,0
BRDA:155,13,1,0
BRDA:163,14,0,0
BRDA:163,14,1,0
BRF:30
BRH:0
end_of_record
TN:
SF:src/components/giller/GillerProfileCard.tsx
FN:30,(anonymous_0)
FNF:1
FNH:0
FNDA:0,(anonymous_0)
DA:12,0
DA:30,0
DA:37,0
DA:113,0
LF:4
LH:0
BRDA:34,0,0,0
BRDA:35,1,0,0
BRDA:41,2,0,0
BRDA:41,2,1,0
BRDA:67,3,0,0
BRDA:67,3,1,0
BRDA:77,4,0,0
BRDA:77,4,1,0
BRDA:88,5,0,0
BRDA:88,5,1,0
BRDA:90,6,0,0
BRDA:90,6,1,0
BRDA:97,7,0,0
BRDA:97,7,1,0
BRDA:99,8,0,0
BRDA:99,8,1,0
BRDA:102,9,0,0
BRDA:102,9,1,0
BRF:18
BRH:0
end_of_record
TN:
SF:src/components/giller/index.ts
FNF:0
FNH:0
LF:0
LH:0
BRF:0
BRH:0
end_of_record
TN:
SF:src/components/matching/GillerProfileCard.tsx
FN:34,(anonymous_0)
FN:39,(anonymous_1)
FN:66,(anonymous_2)
FN:151,(anonymous_3)
FNF:4
FNH:0
FNDA:0,(anonymous_0)
FNDA:0,(anonymous_1)
FNDA:0,(anonymous_2)
FNDA:0,(anonymous_3)
DA:34,0
DA:35,0
DA:36,0
DA:37,0
DA:39,0
DA:40,0
DA:42,0
DA:66,0
DA:67,0
DA:70,0
DA:152,0
DA:171,0
LF:12
LH:0
BRDA:95,0,0,0
BRDA:95,0,1,0
BRDA:112,1,0,0
BRDA:112,1,1,0
BRDA:121,2,0,0
BRDA:121,2,1,0
BRDA:135,3,0,0
BRDA:135,3,1,0
BRDA:141,4,0,0
BRDA:141,4,1,0
BRDA:149,5,0,0
BRDA:149,5,1,0
BRF:12
BRH:0
end_of_record
TN:
SF:src/components/request/DeliveryMethodSelector.tsx
FN:14,DeliveryMethodSelector
FN:23,(anonymous_1)
FN:32,(anonymous_2)
FN:62,DeliveryMethodInfo
FN:65,(anonymous_4)
FNF:5
FNH:0
FNDA:0,DeliveryMethodSelector
FNDA:0,(anonymous_1)
FNDA:0,(anonymous_2)
FNDA:0,DeliveryMethodInfo
FNDA:0,(anonymous_4)
DA:21,0
DA:24,0
DA:25,0
DA:32,0
DA:63,0
DA:65,0
DA:66,0
DA:68,0
DA:90,0
LF:9
LH:0
BRDA:30,0,0,0
BRDA:30,0,1,0
BRDA:41,1,0,0
BRDA:41,1,1,0
BRDA:49,2,0,0
BRDA:49,2,1,0
BRDA:63,3,0,0
BRDA:63,3,1,0
BRDA:66,4,0,0
BRDA:66,4,1,0
BRDA:80,5,0,0
BRDA:80,5,1,0
BRF:12
BRH:0
end_of_record
TN:
SF:src/components/subway/SubwayMapVisualizer.tsx
FN:45,SubwayMapVisualizer
FN:52,(anonymous_1)
FN:83,(anonymous_2)
FN:101,(anonymous_3)
FN:118,(anonymous_4)
FN:154,(anonymous_5)
FN:172,(anonymous_6)
FNF:7
FNH:0
FNDA:0,SubwayMapVisualizer
FNDA:0,(anonymous_1)
FNDA:0,(anonymous_2)
FNDA:0,(anonymous_3)
FNDA:0,(anonymous_4)
FNDA:0,(anonymous_5)
FNDA:0,(anonymous_6)
DA:30,0
DA:33,0
DA:52,0
DA:53,0
DA:55,0
DA:57,0
DA:58,0
DA:60,0
DA:62,0
DA:63,0
DA:65,0
DA:67,0
DA:68,0
DA:70,0
DA:72,0
DA:73,0
DA:75,0
DA:77,0
DA:80,0
DA:83,0
DA:84,0
DA:85,0
DA:87,0
DA:101,0
DA:102,0
DA:103,0
DA:105,0
DA:118,0
DA:119,0
DA:134,0
DA:154,0
DA:173,0
DA:198,0
LF:33
LH:0
BRDA:48,0,0,0
BRDA:55,1,0,0
BRDA:55,1,1,0
BRDA:55,1,2,0
BRDA:55,1,3,0
BRDA:55,1,4,0
BRDA:85,2,0,0
BRDA:85,2,1,0
BRDA:101,3,0,0
BRDA:101,4,0,0
BRDA:102,5,0,0
BRDA:102,5,1,0
BRDA:102,6,0,0
BRDA:102,6,1,0
BRDA:103,7,0,0
BRDA:103,7,1,0
BRDA:103,8,0,0
BRDA:103,8,1,0
BRDA:112,9,0,0
BRDA:112,9,1,0
BRDA:112,10,0,0
BRDA:112,10,1,0
BRDA:113,11,0,0
BRDA:113,11,1,0
BRDA:113,12,0,0
BRDA:113,12,1,0
BRDA:139,13,0,0
BRDA:139,13,1,0
BRDA:139,13,2,0
BRDA:157,14,0,0
BRDA:157,14,1,0
BRDA:158,15,0,0
BRDA:158,15,1,0
BRDA:161,16,0,0
BRDA:161,16,1,0
BRDA:162,17,0,0
BRDA:162,17,1,0
BRF:37
BRH:0
end_of_record
TN:
SF:src/components/time/DaySelector.tsx
FN:45,DaySelector
FN:57,(anonymous_1)
FN:63,(anonymous_2)
FN:76,(anonymous_3)
FN:82,(anonymous_4)
FN:88,(anonymous_5)
FN:94,(anonymous_6)
FN:105,(anonymous_7)
FN:115,(anonymous_8)
FN:168,(anonymous_9)
FN:171,(anonymous_10)
FN:174,(anonymous_11)
FN:174,(anonymous_12)
FNF:13
FNH:0
FNDA:0,DaySelector
FNDA:0,(anonymous_1)
FNDA:0,(anonymous_2)
FNDA:0,(anonymous_3)
FNDA:0,(anonymous_4)
FNDA:0,(anonymous_5)
FNDA:0,(anonymous_6)
FNDA:0,(anonymous_7)
FNDA:0,(anonymous_8)
FNDA:0,(anonymous_9)
FNDA:0,(anonymous_10)
FNDA:0,(anonymous_11)
FNDA:0,(anonymous_12)
DA:24,0
DA:35,0
DA:54,0
DA:55,0
DA:57,0
DA:60,0
DA:62,0
DA:63,0
DA:65,0
DA:69,0
DA:72,0
DA:73,0
DA:76,0
DA:77,0
DA:78,0
DA:79,0
DA:82,0
DA:83,0
DA:84,0
DA:85,0
DA:88,0
DA:89,0
DA:90,0
DA:91,0
DA:94,0
DA:95,0
DA:96,0
DA:99,0
DA:106,0
DA:107,0
DA:115,0
DA:168,0
DA:171,0
DA:174,0
DA:183,0
LF:35
LH:0
BRDA:50,0,0,0
BRDA:54,1,0,0
BRDA:54,1,1,0
BRDA:54,2,0,0
BRDA:54,2,1,0
BRDA:60,3,0,0
BRDA:60,3,1,0
BRDA:62,4,0,0
BRDA:62,4,1,0
BRDA:101,5,0,0
BRDA:101,5,1,0
BRDA:112,6,0,0
BRDA:112,6,1,0
BRDA:113,7,0,0
BRDA:113,7,1,0
BRDA:120,8,0,0
BRDA:120,8,1,0
BRDA:162,9,0,0
BRDA:162,9,1,0
BRDA:165,10,0,0
BRDA:165,10,1,0
BRDA:167,11,0,0
BRDA:167,11,1,0
BRDA:167,12,0,0
BRDA:167,12,1,0
BRDA:170,13,0,0
BRDA:170,13,1,0
BRDA:170,14,0,0
BRDA:170,14,1,0
BRF:29
BRH:0
end_of_record
TN:
SF:src/components/time/TimePicker.tsx
FN:25,TimePicker
FN:36,(anonymous_1)
FN:37,(anonymous_2)
FN:39,(anonymous_3)
FN:45,(anonymous_4)
FN:57,(anonymous_5)
FN:68,(anonymous_6)
FN:73,(anonymous_7)
FN:90,(anonymous_8)
FN:97,(anonymous_9)
FN:119,(anonymous_10)
FN:126,(anonymous_11)
FN:146,(anonymous_12)
FN:155,(anonymous_13)
FNF:14
FNH:0
FNDA:0,TimePicker
FNDA:0,(anonymous_1)
FNDA:0,(anonymous_2)
FNDA:0,(anonymous_3)
FNDA:0,(anonymous_4)
FNDA:0,(anonymous_5)
FNDA:0,(anonymous_6)
FNDA:0,(anonymous_7)
FNDA:0,(anonymous_8)
FNDA:0,(anonymous_9)
FNDA:0,(anonymous_10)
FNDA:0,(anonymous_11)
FNDA:0,(anonymous_12)
FNDA:0,(anonymous_13)
DA:32,0
DA:33,0
DA:34,0
DA:36,0
DA:37,0
DA:39,0
DA:40,0
DA:41,0
DA:42,0
DA:45,0
DA:46,0
DA:47,0
DA:48,0
DA:51,0
DA:57,0
DA:68,0
DA:73,0
DA:91,0
DA:97,0
DA:120,0
DA:126,0
DA:147,0
DA:148,0
DA:156,0
DA:157,0
DA:170,0
LF:26
LH:0
BRDA:29,0,0,0
BRDA:30,1,0,0
BRDA:33,2,0,0
BRDA:33,2,1,0
BRDA:34,3,0,0
BRDA:34,3,1,0
BRDA:46,4,0,0
BRDA:46,4,1,0
BRDA:47,5,0,0
BRDA:47,5,1,0
BRDA:47,6,0,0
BRDA:47,6,1,0
BRDA:53,7,0,0
BRDA:53,7,1,0
BRDA:60,8,0,0
BRDA:60,8,1,0
BRDA:95,9,0,0
BRDA:95,9,1,0
BRDA:102,10,0,0
BRDA:102,10,1,0
BRDA:124,11,0,0
BRDA:124,11,1,0
BRDA:131,12,0,0
BRDA:131,12,1,0
BRF:24
BRH:0
end_of_record
TN:
SF:src/constants/icons.ts
FNF:0
FNH:0
DA:3,0
LF:1
LH:0
BRF:0
BRH:0
end_of_record
TN:
SF:src/contexts/RouteContext.tsx
FN:31,RouteProvider
FN:39,(anonymous_1)
FN:62,(anonymous_2)
FN:79,(anonymous_3)
FN:97,(anonymous_4)
FN:111,(anonymous_5)
FN:120,(anonymous_6)
FN:145,(anonymous_7)
FN:158,(anonymous_8)
FN:161,(anonymous_9)
FN:177,(anonymous_10)
FN:196,useRoutes
FNF:12
FNH:0
FNDA:0,RouteProvider
FNDA:0,(anonymous_1)
FNDA:0,(anonymous_2)
FNDA:0,(anonymous_3)
FNDA:0,(anonymous_4)
FNDA:0,(anonymous_5)
FNDA:0,(anonymous_6)
FNDA:0,(anonymous_7)
FNDA:0,(anonymous_8)
FNDA:0,(anonymous_9)
FNDA:0,(anonymous_10)
FNDA:0,useRoutes
DA:10,0
DA:11,0
DA:27,0
DA:29,0
DA:32,0
DA:33,0
DA:34,0
DA:39,0
DA:40,0
DA:41,0
DA:42,0
DA:44,0
DA:47,0
DA:48,0
DA:49,0
DA:50,0
DA:54,0
DA:55,0
DA:56,0
DA:57,0
DA:58,0
DA:62,0
DA:68,0
DA:69,0
DA:71,0
DA:72,0
DA:79,0
DA:80,0
DA:81,0
DA:87,0
DA:88,0
DA:90,0
DA:97,0
DA:98,0
DA:99,0
DA:100,0
DA:101,0
DA:103,0
DA:104,0
DA:111,0
DA:112,0
DA:113,0
DA:114,0
DA:117,0
DA:120,0
DA:123,0
DA:126,0
DA:128,0
DA:129,0
DA:132,0
DA:133,0
DA:134,0
DA:135,0
DA:138,0
DA:145,0
DA:146,0
DA:147,0
DA:148,0
DA:149,0
DA:151,0
DA:158,0
DA:159,0
DA:161,0
DA:162,0
DA:165,0
DA:166,0
DA:167,0
DA:168,0
DA:172,0
DA:175,0
DA:177,0
DA:178,0
DA:182,0
DA:190,0
DA:197,0
DA:198,0
DA:199,0
DA:201,0
LF:78
LH:0
BRDA:42,0,0,0
BRDA:42,0,1,0
BRDA:47,1,0,0
BRDA:47,1,1,0
BRDA:55,2,0,0
BRDA:55,2,1,0
BRDA:129,3,0,0
BRDA:129,3,1,0
BRDA:133,4,0,0
BRDA:133,4,1,0
BRDA:166,5,0,0
BRDA:166,5,1,0
BRDA:166,6,0,0
BRDA:166,6,1,0
BRDA:198,7,0,0
BRDA:198,7,1,0
BRF:16
BRH:0
end_of_record
TN:
SF:src/contexts/UserContext.tsx
FN:34,UserProvider
FN:39,(anonymous_1)
FN:40,(anonymous_2)
FN:78,(anonymous_3)
FN:86,(anonymous_4)
FN:101,(anonymous_5)
FN:123,useUser
FNF:7
FNH:0
FNDA:0,UserProvider
FNDA:0,(anonymous_1)
FNDA:0,(anonymous_2)
FNDA:0,(anonymous_3)
FNDA:0,(anonymous_4)
FNDA:0,(anonymous_5)
FNDA:0,useUser
DA:26,0
DA:35,0
DA:36,0
DA:37,0
DA:39,0
DA:40,0
DA:41,0
DA:42,0
DA:43,0
DA:45,0
DA:46,0
DA:48,0
DA:55,0
DA:58,0
DA:60,0
DA:61,0
DA:63,0
DA:66,0
DA:69,0
DA:70,0
DA:72,0
DA:75,0
DA:78,0
DA:79,0
DA:80,0
DA:81,0
DA:82,0
DA:86,0
DA:87,0
DA:88,0
DA:89,0
DA:95,0
DA:96,0
DA:101,0
DA:102,0
DA:103,0
DA:107,0
DA:124,0
DA:125,0
DA:126,0
DA:128,0
LF:41
LH:0
BRDA:41,0,0,0
BRDA:41,0,1,0
BRDA:45,1,0,0
BRDA:45,1,1,0
BRDA:50,2,0,0
BRDA:50,2,1,0
BRDA:51,3,0,0
BRDA:51,3,1,0
BRDA:60,4,0,0
BRDA:60,4,1,0
BRDA:63,5,0,0
BRDA:63,5,1,0
BRDA:80,6,0,0
BRDA:80,6,1,0
BRDA:88,7,0,0
BRDA:88,7,1,0
BRDA:95,8,0,0
BRDA:95,8,1,0
BRDA:102,9,0,0
BRDA:102,9,1,0
BRDA:125,10,0,0
BRDA:125,10,1,0
BRF:22
BRH:0
end_of_record
TN:
SF:src/core/firebase.ts
FN:31,getCollection
FN:38,getDocumentRef
FNF:2
FNH:0
FNDA:0,getCollection
FNDA:0,getDocumentRef
DA:32,0
DA:39,0
DA:45,0
LF:3
LH:0
BRF:0
BRH:0
end_of_record
TN:
SF:src/data/badges.ts
FN:141,findBadgeById
FN:142,(anonymous_1)
FN:148,getBadgesByCategory
FN:149,(anonymous_3)
FN:155,getBadgesByTier
FN:156,(anonymous_5)
FNF:6
FNH:0
FNDA:0,findBadgeById
FNDA:0,(anonymous_1)
FNDA:0,getBadgesByCategory
FNDA:0,(anonymous_3)
FNDA:0,getBadgesByTier
FNDA:0,(anonymous_5)
DA:11,0
DA:142,0
DA:149,0
DA:156,0
LF:4
LH:0
BRF:0
BRH:0
end_of_record
TN:
SF:src/hooks/useMatchingTimeout.ts
FN:27,useMatchingTimeout
FN:42,(anonymous_1)
FN:48,(anonymous_2)
FN:49,(anonymous_3)
FN:66,(anonymous_4)
FN:78,(anonymous_5)
FN:82,(anonymous_6)
FN:88,(anonymous_7)
FN:89,(anonymous_8)
FN:95,(anonymous_9)
FN:96,(anonymous_10)
FN:131,useMatchingResults
FN:140,(anonymous_12)
FN:143,(anonymous_13)
FN:147,(anonymous_14)
FN:147,(anonymous_15)
FN:151,(anonymous_16)
FN:159,(anonymous_17)
FN:162,(anonymous_18)
FN:166,(anonymous_19)
FN:166,(anonymous_20)
FN:170,(anonymous_21)
FN:178,(anonymous_22)
FN:179,(anonymous_23)
FN:180,(anonymous_24)
FN:180,(anonymous_25)
FN:184,(anonymous_26)
FN:185,(anonymous_27)
FNF:28
FNH:0
FNDA:0,useMatchingTimeout
FNDA:0,(anonymous_1)
FNDA:0,(anonymous_2)
FNDA:0,(anonymous_3)
FNDA:0,(anonymous_4)
FNDA:0,(anonymous_5)
FNDA:0,(anonymous_6)
FNDA:0,(anonymous_7)
FNDA:0,(anonymous_8)
FNDA:0,(anonymous_9)
FNDA:0,(anonymous_10)
FNDA:0,useMatchingResults
FNDA:0,(anonymous_12)
FNDA:0,(anonymous_13)
FNDA:0,(anonymous_14)
FNDA:0,(anonymous_15)
FNDA:0,(anonymous_16)
FNDA:0,(anonymous_17)
FNDA:0,(anonymous_18)
FNDA:0,(anonymous_19)
FNDA:0,(anonymous_20)
FNDA:0,(anonymous_21)
FNDA:0,(anonymous_22)
FNDA:0,(anonymous_23)
FNDA:0,(anonymous_24)
FNDA:0,(anonymous_25)
FNDA:0,(anonymous_26)
FNDA:0,(anonymous_27)
DA:34,0
DA:35,0
DA:36,0
DA:37,0
DA:39,0
DA:40,0
DA:42,0
DA:43,0
DA:44,0
DA:45,0
DA:48,0
DA:49,0
DA:50,0
DA:51,0
DA:53,0
DA:54,0
DA:55,0
DA:56,0
DA:57,0
DA:58,0
DA:61,0
DA:66,0
DA:67,0
DA:68,0
DA:70,0
DA:71,0
DA:73,0
DA:74,0
DA:75,0
DA:78,0
DA:79,0
DA:82,0
DA:83,0
DA:84,0
DA:87,0
DA:88,0
DA:89,0
DA:90,0
DA:95,0
DA:96,0
DA:97,0
DA:98,0
DA:100,0
DA:101,0
DA:106,0
DA:136,0
DA:137,0
DA:138,0
DA:140,0
DA:141,0
DA:143,0
DA:145,0
DA:146,0
DA:147,0
DA:149,0
DA:151,0
DA:152,0
DA:153,0
DA:154,0
DA:159,0
DA:160,0
DA:162,0
DA:164,0
DA:165,0
DA:166,0
DA:168,0
DA:170,0
DA:171,0
DA:172,0
DA:173,0
DA:178,0
DA:179,0
DA:180,0
DA:181,0
DA:184,0
DA:185,0
DA:187,0
LF:77
LH:0
BRDA:27,0,0,0
BRDA:28,1,0,0
BRDA:31,2,0,0
BRDA:32,3,0,0
BRDA:53,4,0,0
BRDA:53,4,1,0
BRDA:67,5,0,0
BRDA:67,5,1,0
BRDA:70,6,0,0
BRDA:70,6,1,0
BRDA:83,7,0,0
BRDA:83,7,1,0
BRDA:97,8,0,0
BRDA:97,8,1,0
BRDA:100,9,0,0
BRDA:100,9,1,0
BRDA:141,10,0,0
BRDA:141,10,1,0
BRDA:160,11,0,0
BRDA:160,11,1,0
BRF:20
BRH:0
end_of_record
TN:
SF:src/hooks/useNotifications.ts
FN:17,(anonymous_0)
FN:31,useNotifications
FN:44,(anonymous_2)
FN:72,(anonymous_3)
FN:100,(anonymous_4)
FN:124,(anonymous_5)
FN:150,(anonymous_6)
FN:160,(anonymous_7)
FN:167,(anonymous_8)
FN:174,(anonymous_9)
FN:183,(anonymous_10)
FNF:11
FNH:0
FNDA:0,(anonymous_0)
FNDA:0,useNotifications
FNDA:0,(anonymous_2)
FNDA:0,(anonymous_3)
FNDA:0,(anonymous_4)
FNDA:0,(anonymous_5)
FNDA:0,(anonymous_6)
FNDA:0,(anonymous_7)
FNDA:0,(anonymous_8)
FNDA:0,(anonymous_9)
FNDA:0,(anonymous_10)
DA:16,0
DA:17,0
DA:32,0
DA:33,0
DA:34,0
DA:37,0
DA:38,0
DA:39,0
DA:44,0
DA:45,0
DA:47,0
DA:48,0
DA:51,0
DA:52,0
DA:54,0
DA:55,0
DA:56,0
DA:59,0
DA:61,0
DA:62,0
DA:63,0
DA:66,0
DA:72,0
DA:73,0
DA:74,0
DA:77,0
DA:78,0
DA:79,0
DA:83,0
DA:87,0
DA:90,0
DA:91,0
DA:94,0
DA:100,0
DA:105,0
DA:106,0
DA:109,0
DA:124,0
DA:130,0
DA:131,0
DA:135,0
DA:136,0
DA:137,0
DA:140,0
DA:150,0
DA:151,0
DA:152,0
DA:156,0
DA:159,0
DA:161,0
DA:166,0
DA:168,0
DA:170,0
DA:174,0
DA:175,0
DA:176,0
DA:183,0
DA:184,0
DA:185,0
DA:188,0
DA:191,0
LF:61
LH:0
BRDA:45,0,0,0
BRDA:45,0,1,0
BRDA:54,1,0,0
BRDA:54,1,1,0
BRDA:61,2,0,0
BRDA:61,2,1,0
BRDA:73,3,0,0
BRDA:73,3,1,0
BRDA:78,4,0,0
BRDA:78,4,1,0
BRDA:84,5,0,0
BRDA:84,5,1,0
BRDA:90,6,0,0
BRDA:90,6,1,0
BRDA:90,7,0,0
BRDA:90,7,1,0
BRDA:105,8,0,0
BRDA:105,8,1,0
BRDA:113,9,0,0
BRDA:113,9,1,0
BRDA:130,10,0,0
BRDA:130,10,1,0
BRDA:136,11,0,0
BRDA:136,11,1,0
BRDA:151,12,0,0
BRDA:151,12,1,0
BRDA:184,13,0,0
BRDA:184,13,1,0
BRDA:184,14,0,0
BRDA:184,14,1,0
BRF:30
BRH:0
end_of_record
TN:
SF:src/screens/auth/LandingScreen.tsx
FN:18,LandingScreen
FN:19,(anonymous_1)
FN:42,(anonymous_2)
FN:52,(anonymous_3)
FN:172,(anonymous_4)
FN:185,(anonymous_5)
FNF:6
FNH:0
FNDA:0,LandingScreen
FNDA:0,(anonymous_1)
FNDA:0,(anonymous_2)
FNDA:0,(anonymous_3)
FNDA:0,(anonymous_4)
FNDA:0,(anonymous_5)
DA:19,0
DA:20,0
DA:21,0
DA:22,0
DA:26,0
DA:42,0
DA:52,0
DA:172,0
DA:185,0
DA:193,0
LF:10
LH:0
BRDA:21,0,0,0
BRDA:21,0,1,0
BRDA:21,1,0,0
BRDA:21,1,1,0
BRF:4
BRH:0
end_of_record
TN:
SF:src/screens/auth/LoginScreen.tsx
FN:13,LoginScreen
FN:20,(anonymous_1)
FN:24,(anonymous_2)
FN:36,(anonymous_3)
FN:109,(anonymous_4)
FN:133,(anonymous_5)
FN:139,(anonymous_6)
FNF:7
FNH:0
FNDA:0,LoginScreen
FNDA:0,(anonymous_1)
FNDA:0,(anonymous_2)
FNDA:0,(anonymous_3)
FNDA:0,(anonymous_4)
FNDA:0,(anonymous_5)
FNDA:0,(anonymous_6)
DA:14,0
DA:15,0
DA:16,0
DA:17,0
DA:20,0
DA:21,0
DA:24,0
DA:25,0
DA:26,0
DA:27,0
DA:28,0
DA:29,0
DA:32,0
DA:36,0
DA:37,0
DA:38,0
DA:39,0
DA:42,0
DA:43,0
DA:44,0
DA:47,0
DA:48,0
DA:51,0
DA:56,0
DA:58,0
DA:60,0
DA:61,0
DA:63,0
DA:64,0
DA:66,0
DA:67,0
DA:69,0
DA:70,0
DA:72,0
DA:73,0
DA:75,0
DA:78,0
DA:80,0
DA:84,0
DA:109,0
DA:133,0
DA:139,0
DA:147,0
LF:43
LH:0
BRDA:27,0,0,0
BRDA:27,0,1,0
BRDA:37,1,0,0
BRDA:37,1,1,0
BRDA:37,2,0,0
BRDA:37,2,1,0
BRDA:47,3,0,0
BRDA:47,3,1,0
BRDA:58,4,0,0
BRDA:58,4,1,0
BRDA:58,4,2,0
BRDA:58,4,3,0
BRDA:58,4,4,0
BRDA:58,4,5,0
BRDA:75,5,0,0
BRDA:75,5,1,0
BRDA:112,6,0,0
BRDA:112,6,1,0
BRDA:113,7,0,0
BRDA:113,7,1,0
BRDA:123,8,0,0
BRDA:123,8,1,0
BRF:22
BRH:0
end_of_record
TN:
SF:src/screens/auth/SignUpScreen.tsx
FN:32,SignUpScreen
FN:57,(anonymous_1)
FN:82,(anonymous_2)
FN:107,(anonymous_3)
FN:118,(anonymous_4)
FN:126,(anonymous_5)
FN:199,(anonymous_6)
FN:247,(anonymous_7)
FN:257,(anonymous_8)
FN:270,(anonymous_9)
FN:283,(anonymous_10)
FN:293,(anonymous_11)
FN:312,(anonymous_12)
FN:326,(anonymous_13)
FN:344,(anonymous_14)
FN:358,(anonymous_15)
FN:376,(anonymous_16)
FN:389,(anonymous_17)
FN:407,(anonymous_18)
FN:419,(anonymous_19)
FN:439,(anonymous_20)
FNF:21
FNH:0
FNDA:0,SignUpScreen
FNDA:0,(anonymous_1)
FNDA:0,(anonymous_2)
FNDA:0,(anonymous_3)
FNDA:0,(anonymous_4)
FNDA:0,(anonymous_5)
FNDA:0,(anonymous_6)
FNDA:0,(anonymous_7)
FNDA:0,(anonymous_8)
FNDA:0,(anonymous_9)
FNDA:0,(anonymous_10)
FNDA:0,(anonymous_11)
FNDA:0,(anonymous_12)
FNDA:0,(anonymous_13)
FNDA:0,(anonymous_14)
FNDA:0,(anonymous_15)
FNDA:0,(anonymous_16)
FNDA:0,(anonymous_17)
FNDA:0,(anonymous_18)
FNDA:0,(anonymous_19)
FNDA:0,(anonymous_20)
DA:33,0
DA:34,0
DA:37,0
DA:38,0
DA:39,0
DA:40,0
DA:41,0
DA:44,0
DA:50,0
DA:57,0
DA:58,0
DA:59,0
DA:60,0
DA:63,0
DA:64,0
DA:65,0
DA:68,0
DA:69,0
DA:70,0
DA:73,0
DA:74,0
DA:75,0
DA:76,0
DA:79,0
DA:82,0
DA:84,0
DA:85,0
DA:86,0
DA:89,0
DA:90,0
DA:91,0
DA:94,0
DA:95,0
DA:96,0
DA:99,0
DA:100,0
DA:101,0
DA:104,0
DA:107,0
DA:108,0
DA:109,0
DA:111,0
DA:112,0
DA:114,0
DA:118,0
DA:119,0
DA:120,0
DA:122,0
DA:126,0
DA:127,0
DA:129,0
DA:131,0
DA:133,0
DA:139,0
DA:148,0
DA:161,0
DA:163,0
DA:173,0
DA:174,0
DA:176,0
DA:178,0
DA:179,0
DA:181,0
DA:182,0
DA:184,0
DA:185,0
DA:187,0
DA:188,0
DA:190,0
DA:193,0
DA:195,0
DA:199,0
DA:200,0
DA:247,0
DA:248,0
DA:257,0
DA:270,0
DA:283,0
DA:293,0
DA:294,0
DA:312,0
DA:313,0
DA:327,0
DA:344,0
DA:359,0
DA:376,0
DA:390,0
DA:407,0
DA:420,0
DA:439,0
DA:440,0
DA:443,0
DA:487,0
LF:93
LH:0
BRDA:58,0,0,0
BRDA:58,0,1,0
BRDA:58,1,0,0
BRDA:58,1,1,0
BRDA:58,1,2,0
BRDA:58,1,3,0
BRDA:63,2,0,0
BRDA:63,2,1,0
BRDA:68,3,0,0
BRDA:68,3,1,0
BRDA:74,4,0,0
BRDA:74,4,1,0
BRDA:84,5,0,0
BRDA:84,5,1,0
BRDA:84,6,0,0
BRDA:84,6,1,0
BRDA:89,7,0,0
BRDA:89,7,1,0
BRDA:89,8,0,0
BRDA:89,8,1,0
BRDA:94,9,0,0
BRDA:94,9,1,0
BRDA:94,10,0,0
BRDA:94,10,1,0
BRDA:94,10,2,0
BRDA:99,11,0,0
BRDA:99,11,1,0
BRDA:108,12,0,0
BRDA:108,12,1,0
BRDA:108,13,0,0
BRDA:108,13,1,0
BRDA:109,14,0,0
BRDA:109,14,1,0
BRDA:109,15,0,0
BRDA:109,15,1,0
BRDA:111,16,0,0
BRDA:111,16,1,0
BRDA:119,17,0,0
BRDA:119,17,1,0
BRDA:127,18,0,0
BRDA:127,18,1,0
BRDA:127,19,0,0
BRDA:127,19,1,0
BRDA:176,20,0,0
BRDA:176,20,1,0
BRDA:176,20,2,0
BRDA:176,20,3,0
BRDA:176,20,4,0
BRDA:190,21,0,0
BRDA:190,21,1,0
BRDA:255,22,0,0
BRDA:255,22,1,0
BRDA:268,23,0,0
BRDA:268,23,1,0
BRDA:281,24,0,0
BRDA:281,24,1,0
BRDA:321,25,0,0
BRDA:321,25,1,0
BRDA:321,25,2,0
BRDA:333,26,0,0
BRDA:333,26,1,0
BRDA:336,27,0,0
BRDA:336,27,1,0
BRDA:353,28,0,0
BRDA:353,28,1,0
BRDA:353,28,2,0
BRDA:365,29,0,0
BRDA:365,29,1,0
BRDA:368,30,0,0
BRDA:368,30,1,0
BRDA:396,31,0,0
BRDA:396,31,1,0
BRDA:399,32,0,0
BRDA:399,32,1,0
BRDA:426,33,0,0
BRDA:426,33,1,0
BRDA:429,34,0,0
BRDA:429,34,1,0
BRDA:448,35,0,0
BRDA:448,35,1,0
BRDA:461,36,0,0
BRDA:461,36,1,0
BRDA:462,37,0,0
BRDA:462,37,1,0
BRDA:463,38,0,0
BRDA:463,38,1,0
BRDA:464,39,0,0
BRDA:464,39,1,0
BRDA:470,40,0,0
BRDA:470,40,1,0
BRDA:474,41,0,0
BRDA:474,41,1,0
BRDA:478,42,0,0
BRDA:478,42,1,0
BRF:94
BRH:0
end_of_record
TN:
SF:src/screens/b2b/B2BDashboardScreen.tsx
FN:98,B2BDashboardScreen
FN:104,(anonymous_1)
FN:108,(anonymous_2)
FN:122,(anonymous_3)
FN:126,(anonymous_4)
FN:139,(anonymous_5)
FN:200,(anonymous_6)
FN:208,(anonymous_7)
FN:224,(anonymous_8)
FN:247,(anonymous_9)
FNF:10
FNH:0
FNDA:0,B2BDashboardScreen
FNDA:0,(anonymous_1)
FNDA:0,(anonymous_2)
FNDA:0,(anonymous_3)
FNDA:0,(anonymous_4)
FNDA:0,(anonymous_5)
FNDA:0,(anonymous_6)
FNDA:0,(anonymous_7)
FNDA:0,(anonymous_8)
FNDA:0,(anonymous_9)
DA:48,0
DA:54,0
DA:81,0
DA:99,0
DA:100,0
DA:101,0
DA:102,0
DA:104,0
DA:105,0
DA:108,0
DA:109,0
DA:115,0
DA:117,0
DA:118,0
DA:122,0
DA:123,0
DA:126,0
DA:127,0
DA:130,0
DA:133,0
DA:135,0
DA:139,0
DA:140,0
DA:142,0
DA:144,0
DA:146,0
DA:148,0
DA:150,0
DA:154,0
DA:155,0
DA:162,0
DA:200,0
DA:208,0
DA:225,0
DA:248,0
DA:271,0
LF:36
LH:0
BRDA:127,0,0,0
BRDA:127,0,1,0
BRDA:127,0,2,0
BRDA:127,0,3,0
BRDA:127,0,4,0
BRDA:140,1,0,0
BRDA:140,1,1,0
BRDA:140,1,2,0
BRDA:140,1,3,0
BRDA:140,1,4,0
BRDA:154,2,0,0
BRDA:154,2,1,0
BRDA:257,3,0,0
BRDA:257,3,1,0
BRF:14
BRH:0
end_of_record
TN:
SF:src/screens/b2b/B2BGillerScreen.tsx
FN:89,B2BGillerScreen
FN:94,(anonymous_1)
FN:98,(anonymous_2)
FN:111,(anonymous_3)
FN:115,(anonymous_4)
FN:130,(anonymous_5)
FN:145,(anonymous_6)
FN:249,(anonymous_7)
FNF:8
FNH:0
FNDA:0,B2BGillerScreen
FNDA:0,(anonymous_1)
FNDA:0,(anonymous_2)
FNDA:0,(anonymous_3)
FNDA:0,(anonymous_4)
FNDA:0,(anonymous_5)
FNDA:0,(anonymous_6)
FNDA:0,(anonymous_7)
DA:47,0
DA:77,0
DA:90,0
DA:91,0
DA:92,0
DA:94,0
DA:95,0
DA:98,0
DA:99,0
DA:104,0
DA:106,0
DA:107,0
DA:111,0
DA:112,0
DA:115,0
DA:116,0
DA:118,0
DA:120,0
DA:122,0
DA:124,0
DA:126,0
DA:130,0
DA:131,0
DA:133,0
DA:135,0
DA:137,0
DA:139,0
DA:141,0
DA:145,0
DA:146,0
DA:148,0
DA:150,0
DA:152,0
DA:154,0
DA:158,0
DA:160,0
DA:161,0
DA:168,0
DA:250,0
DA:297,0
LF:40
LH:0
BRDA:116,0,0,0
BRDA:116,0,1,0
BRDA:116,0,2,0
BRDA:116,0,3,0
BRDA:116,0,4,0
BRDA:131,1,0,0
BRDA:131,1,1,0
BRDA:131,1,2,0
BRDA:131,1,3,0
BRDA:131,1,4,0
BRDA:146,2,0,0
BRDA:146,2,1,0
BRDA:146,2,2,0
BRDA:146,2,3,0
BRDA:160,3,0,0
BRDA:160,3,1,0
BRDA:231,4,0,0
BRDA:231,4,1,0
BRF:18
BRH:0
end_of_record
TN:
SF:src/screens/b2b/B2BOnboardingScreen.tsx
FN:35,B2BOnboardingScreen
FN:47,(anonymous_1)
FN:53,(anonymous_2)
FN:83,(anonymous_3)
FN:94,(anonymous_4)
FN:95,(anonymous_5)
FN:118,(anonymous_6)
FN:130,(anonymous_7)
FN:144,(anonymous_8)
FN:156,(anonymous_9)
FN:169,(anonymous_10)
FN:182,(anonymous_11)
FN:193,(anonymous_12)
FNF:13
FNH:0
FNDA:0,B2BOnboardingScreen
FNDA:0,(anonymous_1)
FNDA:0,(anonymous_2)
FNDA:0,(anonymous_3)
FNDA:0,(anonymous_4)
FNDA:0,(anonymous_5)
FNDA:0,(anonymous_6)
FNDA:0,(anonymous_7)
FNDA:0,(anonymous_8)
FNDA:0,(anonymous_9)
FNDA:0,(anonymous_10)
FNDA:0,(anonymous_11)
FNDA:0,(anonymous_12)
DA:36,0
DA:37,0
DA:38,0
DA:47,0
DA:49,0
DA:50,0
DA:53,0
DA:55,0
DA:57,0
DA:58,0
DA:61,0
DA:62,0
DA:63,0
DA:66,0
DA:67,0
DA:68,0
DA:71,0
DA:73,0
DA:77,0
DA:83,0
DA:88,0
DA:90,0
DA:94,0
DA:95,0
DA:98,0
DA:118,0
DA:130,0
DA:144,0
DA:156,0
DA:169,0
DA:182,0
DA:193,0
DA:230,0
LF:33
LH:0
BRDA:55,0,0,0
BRDA:55,0,1,0
BRDA:55,1,0,0
BRDA:55,1,1,0
BRDA:55,1,2,0
BRDA:55,1,3,0
BRDA:55,1,4,0
BRDA:55,1,5,0
BRDA:61,2,0,0
BRDA:61,2,1,0
BRDA:66,3,0,0
BRDA:66,3,1,0
BRDA:195,4,0,0
BRDA:195,4,1,0
BRDA:196,5,0,0
BRDA:196,5,1,0
BRDA:206,6,0,0
BRDA:206,6,1,0
BRDA:206,6,2,0
BRDA:208,7,0,0
BRDA:208,7,1,0
BRDA:210,8,0,0
BRDA:210,8,1,0
BRF:23
BRH:0
end_of_record
TN:
SF:src/screens/b2b/B2BRequestScreen.tsx
FN:33,B2BRequestScreen
FN:43,(anonymous_1)
FN:81,(anonymous_2)
FN:110,(anonymous_3)
FN:121,(anonymous_4)
FN:137,(anonymous_5)
FN:146,(anonymous_6)
FN:205,(anonymous_7)
FN:206,(anonymous_8)
FN:215,(anonymous_9)
FN:216,(anonymous_10)
FNF:11
FNH:0
FNDA:0,B2BRequestScreen
FNDA:0,(anonymous_1)
FNDA:0,(anonymous_2)
FNDA:0,(anonymous_3)
FNDA:0,(anonymous_4)
FNDA:0,(anonymous_5)
FNDA:0,(anonymous_6)
FNDA:0,(anonymous_7)
FNDA:0,(anonymous_8)
FNDA:0,(anonymous_9)
FNDA:0,(anonymous_10)
DA:34,0
DA:35,0
DA:36,0
DA:37,0
DA:38,0
DA:39,0
DA:40,0
DA:41,0
DA:43,0
DA:45,0
DA:46,0
DA:47,0
DA:50,0
DA:51,0
DA:52,0
DA:55,0
DA:56,0
DA:57,0
DA:60,0
DA:62,0
DA:73,0
DA:75,0
DA:81,0
DA:86,0
DA:88,0
DA:92,0
DA:110,0
DA:121,0
DA:137,0
DA:146,0
DA:205,0
DA:207,0
DA:208,0
DA:215,0
DA:217,0
DA:218,0
DA:227,0
LF:37
LH:0
BRDA:45,0,0,0
BRDA:45,0,1,0
BRDA:45,1,0,0
BRDA:45,1,1,0
BRDA:50,2,0,0
BRDA:50,2,1,0
BRDA:55,3,0,0
BRDA:55,3,1,0
BRDA:55,4,0,0
BRDA:55,4,1,0
BRDA:114,5,0,0
BRDA:114,5,1,0
BRDA:125,6,0,0
BRDA:125,6,1,0
BRDA:136,7,0,0
BRDA:136,7,1,0
BRDA:139,8,0,0
BRDA:139,8,1,0
BRDA:145,9,0,0
BRDA:145,9,1,0
BRDA:148,10,0,0
BRDA:148,10,1,0
BRDA:155,11,0,0
BRDA:155,11,1,0
BRDA:191,12,0,0
BRDA:191,12,1,0
BRDA:195,13,0,0
BRDA:195,13,1,0
BRDA:269,14,0,0
BRDA:269,14,1,0
BRDA:269,15,0,0
BRDA:269,15,1,0
BRF:32
BRH:0
end_of_record
TN:
SF:src/screens/giller/GillerDropoffAtLockerScreen.tsx
FN:38,GillerDropoffAtLockerScreen
FN:49,(anonymous_1)
FN:74,(anonymous_2)
FN:114,(anonymous_3)
FN:126,(anonymous_4)
FN:134,(anonymous_5)
FN:140,(anonymous_6)
FN:158,(anonymous_7)
FN:195,(anonymous_8)
FN:210,(anonymous_9)
FN:216,(anonymous_10)
FN:264,(anonymous_11)
FN:354,(anonymous_12)
FN:381,(anonymous_13)
FNF:14
FNH:0
FNDA:0,GillerDropoffAtLockerScreen
FNDA:0,(anonymous_1)
FNDA:0,(anonymous_2)
FNDA:0,(anonymous_3)
FNDA:0,(anonymous_4)
FNDA:0,(anonymous_5)
FNDA:0,(anonymous_6)
FNDA:0,(anonymous_7)
FNDA:0,(anonymous_8)
FNDA:0,(anonymous_9)
FNDA:0,(anonymous_10)
FNDA:0,(anonymous_11)
FNDA:0,(anonymous_12)
FNDA:0,(anonymous_13)
DA:39,0
DA:40,0
DA:41,0
DA:43,0
DA:44,0
DA:45,0
DA:46,0
DA:47,0
DA:49,0
DA:50,0
DA:51,0
DA:52,0
DA:54,0
DA:55,0
DA:56,0
DA:59,0
DA:60,0
DA:61,0
DA:64,0
DA:65,0
DA:67,0
DA:68,0
DA:70,0
DA:74,0
DA:75,0
DA:77,0
DA:78,0
DA:79,0
DA:82,0
DA:90,0
DA:91,0
DA:92,0
DA:94,0
DA:105,0
DA:107,0
DA:114,0
DA:119,0
DA:120,0
DA:122,0
DA:126,0
DA:127,0
DA:134,0
DA:140,0
DA:141,0
DA:142,0
DA:143,0
DA:145,0
DA:146,0
DA:147,0
DA:148,0
DA:149,0
DA:151,0
DA:152,0
DA:154,0
DA:158,0
DA:159,0
DA:160,0
DA:161,0
DA:164,0
DA:165,0
DA:166,0
DA:169,0
DA:170,0
DA:174,0
DA:177,0
DA:178,0
DA:185,0
DA:186,0
DA:189,0
DA:195,0
DA:200,0
DA:201,0
DA:206,0
DA:210,0
DA:211,0
DA:213,0
DA:216,0
DA:221,0
DA:264,0
DA:272,0
DA:299,0
DA:334,0
DA:354,0
DA:362,0
DA:366,0
DA:367,0
DA:375,0
DA:381,0
DA:397,0
LF:89
LH:0
BRDA:41,0,0,0
BRDA:41,0,1,0
BRDA:54,1,0,0
BRDA:54,1,1,0
BRDA:59,2,0,0
BRDA:59,2,1,0
BRDA:75,3,0,0
BRDA:75,3,1,0
BRDA:75,4,0,0
BRDA:75,4,1,0
BRDA:143,5,0,0
BRDA:143,5,1,0
BRDA:159,6,0,0
BRDA:159,6,1,0
BRDA:159,7,0,0
BRDA:159,7,1,0
BRDA:159,7,2,0
BRDA:169,8,0,0
BRDA:169,8,1,0
BRDA:185,9,0,0
BRDA:185,9,1,0
BRDA:203,10,0,0
BRDA:203,10,1,0
BRDA:211,11,0,0
BRDA:211,11,1,0
BRDA:211,11,2,0
BRDA:211,11,3,0
BRDA:211,11,4,0
BRDA:211,11,5,0
BRDA:231,12,0,0
BRDA:231,12,1,0
BRDA:240,13,0,0
BRDA:240,13,1,0
BRDA:258,14,0,0
BRDA:258,14,1,0
BRDA:309,15,0,0
BRDA:309,15,1,0
BRDA:324,16,0,0
BRDA:324,16,1,0
BRDA:327,17,0,0
BRDA:327,17,1,0
BRDA:344,18,0,0
BRDA:344,18,1,0
BRDA:366,19,0,0
BRDA:366,19,1,0
BRDA:366,20,0,0
BRDA:366,20,1,0
BRF:47
BRH:0
end_of_record
TN:
SF:src/screens/giller/GillerPickupAtLockerScreen.tsx
FN:38,GillerPickupAtLockerScreen
FN:51,(anonymous_1)
FN:63,(anonymous_2)
FN:89,(anonymous_3)
FN:93,(anonymous_4)
FN:118,(anonymous_5)
FN:126,(anonymous_6)
FN:136,(anonymous_7)
FN:154,(anonymous_8)
FN:169,(anonymous_9)
FN:184,(anonymous_10)
FN:218,(anonymous_11)
FN:226,(anonymous_12)
FN:340,(anonymous_13)
FN:365,(anonymous_14)
FNF:15
FNH:0
FNDA:0,GillerPickupAtLockerScreen
FNDA:0,(anonymous_1)
FNDA:0,(anonymous_2)
FNDA:0,(anonymous_3)
FNDA:0,(anonymous_4)
FNDA:0,(anonymous_5)
FNDA:0,(anonymous_6)
FNDA:0,(anonymous_7)
FNDA:0,(anonymous_8)
FNDA:0,(anonymous_9)
FNDA:0,(anonymous_10)
FNDA:0,(anonymous_11)
FNDA:0,(anonymous_12)
FNDA:0,(anonymous_13)
FNDA:0,(anonymous_14)
DA:39,0
DA:40,0
DA:41,0
DA:43,0
DA:44,0
DA:45,0
DA:46,0
DA:47,0
DA:48,0
DA:49,0
DA:51,0
DA:52,0
DA:53,0
DA:54,0
DA:55,0
DA:58,0
DA:59,0
DA:61,0
DA:62,0
DA:63,0
DA:65,0
DA:66,0
DA:70,0
DA:71,0
DA:74,0
DA:75,0
DA:78,0
DA:79,0
DA:81,0
DA:82,0
DA:83,0
DA:85,0
DA:89,0
DA:90,0
DA:93,0
DA:94,0
DA:95,0
DA:97,0
DA:98,0
DA:99,0
DA:103,0
DA:104,0
DA:108,0
DA:111,0
DA:113,0
DA:114,0
DA:118,0
DA:119,0
DA:128,0
DA:129,0
DA:136,0
DA:137,0
DA:138,0
DA:139,0
DA:141,0
DA:142,0
DA:143,0
DA:144,0
DA:145,0
DA:147,0
DA:148,0
DA:150,0
DA:154,0
DA:155,0
DA:156,0
DA:158,0
DA:159,0
DA:160,0
DA:163,0
DA:171,0
DA:177,0
DA:178,0
DA:180,0
DA:184,0
DA:185,0
DA:187,0
DA:218,0
DA:228,0
DA:229,0
DA:240,0
DA:266,0
DA:293,0
DA:328,0
DA:340,0
DA:348,0
DA:352,0
DA:353,0
DA:361,0
DA:365,0
DA:380,0
LF:90
LH:0
BRDA:41,0,0,0
BRDA:41,0,1,0
BRDA:52,1,0,0
BRDA:52,1,1,0
BRDA:65,2,0,0
BRDA:65,2,1,0
BRDA:97,3,0,0
BRDA:97,3,1,0
BRDA:98,4,0,0
BRDA:98,4,1,0
BRDA:103,5,0,0
BRDA:103,5,1,0
BRDA:103,6,0,0
BRDA:103,6,1,0
BRDA:139,7,0,0
BRDA:139,7,1,0
BRDA:158,8,0,0
BRDA:158,8,1,0
BRDA:158,9,0,0
BRDA:158,9,1,0
BRDA:185,10,0,0
BRDA:185,10,1,0
BRDA:185,10,2,0
BRDA:185,10,3,0
BRDA:185,10,4,0
BRDA:185,10,5,0
BRDA:197,11,0,0
BRDA:197,11,1,0
BRDA:202,12,0,0
BRDA:202,12,1,0
BRDA:207,13,0,0
BRDA:207,13,1,0
BRDA:228,14,0,0
BRDA:228,14,1,0
BRDA:303,15,0,0
BRDA:303,15,1,0
BRDA:318,16,0,0
BRDA:318,16,1,0
BRDA:321,17,0,0
BRDA:321,17,1,0
BRDA:352,18,0,0
BRDA:352,18,1,0
BRDA:352,19,0,0
BRDA:352,19,1,0
BRF:44
BRH:0
end_of_record
TN:
SF:src/screens/main/AddRouteScreen.tsx
FN:30,AddRouteScreen
FN:46,(anonymous_1)
FN:64,(anonymous_2)
FN:77,(anonymous_3)
FN:90,(anonymous_4)
FN:103,(anonymous_5)
FN:146,(anonymous_6)
FN:157,(anonymous_7)
FN:161,(anonymous_8)
FN:221,(anonymous_9)
FN:233,(anonymous_10)
FN:248,(anonymous_11)
FN:294,(anonymous_12)
FN:303,(anonymous_13)
FNF:14
FNH:0
FNDA:0,AddRouteScreen
FNDA:0,(anonymous_1)
FNDA:0,(anonymous_2)
FNDA:0,(anonymous_3)
FNDA:0,(anonymous_4)
FNDA:0,(anonymous_5)
FNDA:0,(anonymous_6)
FNDA:0,(anonymous_7)
FNDA:0,(anonymous_8)
FNDA:0,(anonymous_9)
FNDA:0,(anonymous_10)
FNDA:0,(anonymous_11)
FNDA:0,(anonymous_12)
FNDA:0,(anonymous_13)
DA:31,0
DA:32,0
DA:34,0
DA:35,0
DA:36,0
DA:38,0
DA:39,0
DA:40,0
DA:41,0
DA:43,0
DA:44,0
DA:46,0
DA:47,0
DA:48,0
DA:49,0
DA:50,0
DA:59,0
DA:61,0
DA:64,0
DA:65,0
DA:66,0
DA:67,0
DA:68,0
DA:70,0
DA:71,0
DA:73,0
DA:77,0
DA:78,0
DA:87,0
DA:90,0
DA:91,0
DA:100,0
DA:103,0
DA:104,0
DA:105,0
DA:110,0
DA:113,0
DA:114,0
DA:119,0
DA:122,0
DA:123,0
DA:124,0
DA:129,0
DA:132,0
DA:133,0
DA:142,0
DA:146,0
DA:147,0
DA:149,0
DA:150,0
DA:152,0
DA:153,0
DA:155,0
DA:157,0
DA:162,0
DA:163,0
DA:164,0
DA:165,0
DA:166,0
DA:172,0
DA:173,0
DA:179,0
DA:183,0
DA:184,0
DA:192,0
DA:221,0
DA:233,0
DA:248,0
DA:294,0
DA:303,0
DA:313,0
LF:71
LH:0
BRDA:48,0,0,0
BRDA:48,0,1,0
BRDA:54,1,0,0
BRDA:54,1,1,0
BRDA:55,2,0,0
BRDA:55,2,1,0
BRDA:56,3,0,0
BRDA:56,3,1,0
BRDA:57,4,0,0
BRDA:57,4,1,0
BRDA:82,5,0,0
BRDA:82,5,1,0
BRDA:83,6,0,0
BRDA:83,6,1,0
BRDA:84,7,0,0
BRDA:84,7,1,0
BRDA:85,8,0,0
BRDA:85,8,1,0
BRDA:95,9,0,0
BRDA:95,9,1,0
BRDA:96,10,0,0
BRDA:96,10,1,0
BRDA:97,11,0,0
BRDA:97,11,1,0
BRDA:98,12,0,0
BRDA:98,12,1,0
BRDA:104,13,0,0
BRDA:104,13,1,0
BRDA:104,14,0,0
BRDA:104,14,1,0
BRDA:113,15,0,0
BRDA:113,15,1,0
BRDA:123,16,0,0
BRDA:123,16,1,0
BRDA:132,17,0,0
BRDA:132,17,1,0
BRDA:147,18,0,0
BRDA:147,18,1,0
BRDA:147,19,0,0
BRDA:147,19,1,0
BRDA:183,20,0,0
BRDA:183,20,1,0
BRDA:201,21,0,0
BRDA:201,21,1,0
BRDA:201,21,2,0
BRDA:237,22,0,0
BRDA:237,22,1,0
BRDA:252,23,0,0
BRDA:252,23,1,0
BRF:49
BRH:0
end_of_record
TN:
SF:src/screens/main/ChatListScreen.tsx
FN:27,ChatListScreen
FN:37,(anonymous_1)
FN:41,(anonymous_2)
FN:51,(anonymous_3)
FN:60,(anonymous_4)
FN:65,(anonymous_5)
FN:71,(anonymous_6)
FN:86,(anonymous_7)
FN:88,(anonymous_8)
FN:93,(anonymous_9)
FN:116,(anonymous_10)
FN:123,(anonymous_11)
FN:130,(anonymous_12)
FN:137,(anonymous_13)
FN:152,(anonymous_14)
FN:157,(anonymous_15)
FN:172,(anonymous_16)
FN:182,(anonymous_17)
FN:235,(anonymous_18)
FN:245,(anonymous_19)
FN:279,(anonymous_20)
FN:288,(anonymous_21)
FN:296,(anonymous_22)
FN:304,(anonymous_23)
FN:312,(anonymous_24)
FN:322,(anonymous_25)
FNF:26
FNH:0
FNDA:0,ChatListScreen
FNDA:0,(anonymous_1)
FNDA:0,(anonymous_2)
FNDA:0,(anonymous_3)
FNDA:0,(anonymous_4)
FNDA:0,(anonymous_5)
FNDA:0,(anonymous_6)
FNDA:0,(anonymous_7)
FNDA:0,(anonymous_8)
FNDA:0,(anonymous_9)
FNDA:0,(anonymous_10)
FNDA:0,(anonymous_11)
FNDA:0,(anonymous_12)
FNDA:0,(anonymous_13)
FNDA:0,(anonymous_14)
FNDA:0,(anonymous_15)
FNDA:0,(anonymous_16)
FNDA:0,(anonymous_17)
FNDA:0,(anonymous_18)
FNDA:0,(anonymous_19)
FNDA:0,(anonymous_20)
FNDA:0,(anonymous_21)
FNDA:0,(anonymous_22)
FNDA:0,(anonymous_23)
FNDA:0,(anonymous_24)
FNDA:0,(anonymous_25)
DA:28,0
DA:29,0
DA:30,0
DA:31,0
DA:32,0
DA:33,0
DA:34,0
DA:35,0
DA:37,0
DA:38,0
DA:40,0
DA:41,0
DA:42,0
DA:43,0
DA:44,0
DA:47,0
DA:48,0
DA:51,0
DA:52,0
DA:54,0
DA:55,0
DA:56,0
DA:60,0
DA:61,0
DA:64,0
DA:65,0
DA:69,0
DA:70,0
DA:71,0
DA:72,0
DA:76,0
DA:77,0
DA:79,0
DA:83,0
DA:86,0
DA:87,0
DA:88,0
DA:89,0
DA:93,0
DA:94,0
DA:98,0
DA:102,0
DA:108,0
DA:116,0
DA:117,0
DA:118,0
DA:120,0
DA:123,0
DA:124,0
DA:125,0
DA:127,0
DA:130,0
DA:131,0
DA:132,0
DA:134,0
DA:137,0
DA:138,0
DA:140,0
DA:141,0
DA:142,0
DA:144,0
DA:145,0
DA:146,0
DA:147,0
DA:149,0
DA:152,0
DA:153,0
DA:154,0
DA:157,0
DA:158,0
DA:160,0
DA:162,0
DA:164,0
DA:166,0
DA:168,0
DA:172,0
DA:173,0
DA:174,0
DA:177,0
DA:179,0
DA:182,0
DA:235,0
DA:236,0
DA:245,0
DA:246,0
DA:255,0
DA:256,0
DA:264,0
DA:265,0
DA:267,0
DA:279,0
DA:288,0
DA:296,0
DA:304,0
DA:312,0
DA:322,0
DA:339,0
LF:97
LH:0
BRDA:38,0,0,0
BRDA:38,0,1,0
BRDA:52,1,0,0
BRDA:52,1,1,0
BRDA:64,2,0,0
BRDA:64,2,1,0
BRDA:69,3,0,0
BRDA:69,3,1,0
BRDA:72,4,0,0
BRDA:72,4,1,0
BRDA:79,5,0,0
BRDA:79,5,1,0
BRDA:94,6,0,0
BRDA:94,6,1,0
BRDA:98,7,0,0
BRDA:98,7,1,0
BRDA:102,8,0,0
BRDA:102,8,1,0
BRDA:117,9,0,0
BRDA:117,9,1,0
BRDA:124,10,0,0
BRDA:124,10,1,0
BRDA:131,11,0,0
BRDA:131,11,1,0
BRDA:138,12,0,0
BRDA:138,12,1,0
BRDA:140,13,0,0
BRDA:140,13,1,0
BRDA:144,14,0,0
BRDA:144,14,1,0
BRDA:145,15,0,0
BRDA:145,15,1,0
BRDA:146,16,0,0
BRDA:146,16,1,0
BRDA:147,17,0,0
BRDA:147,17,1,0
BRDA:153,18,0,0
BRDA:153,18,1,0
BRDA:158,19,0,0
BRDA:158,19,1,0
BRDA:158,19,2,0
BRDA:158,19,3,0
BRDA:158,19,4,0
BRDA:174,20,0,0
BRDA:174,20,1,0
BRDA:194,21,0,0
BRDA:194,21,1,0
BRDA:201,22,0,0
BRDA:201,22,1,0
BRDA:207,23,0,0
BRDA:207,23,1,0
BRDA:222,24,0,0
BRDA:222,24,1,0
BRDA:225,25,0,0
BRDA:225,25,1,0
BRDA:255,26,0,0
BRDA:255,26,1,0
BRDA:264,27,0,0
BRDA:264,27,1,0
BRDA:265,28,0,0
BRDA:265,28,1,0
BRDA:265,28,2,0
BRDA:278,29,0,0
BRDA:278,29,1,0
BRDA:287,30,0,0
BRDA:287,30,1,0
BRDA:290,31,0,0
BRDA:290,31,1,0
BRDA:295,32,0,0
BRDA:295,32,1,0
BRDA:298,33,0,0
BRDA:298,33,1,0
BRDA:303,34,0,0
BRDA:303,34,1,0
BRDA:306,35,0,0
BRDA:306,35,1,0
BRDA:311,36,0,0
BRDA:311,36,1,0
BRDA:314,37,0,0
BRDA:314,37,1,0
BRDA:324,38,0,0
BRDA:324,38,1,0
BRDA:325,39,0,0
BRDA:325,39,1,0
BRF:84
BRH:0
end_of_record
TN:
SF:src/screens/main/ChatScreen.tsx
FN:36,ChatScreen
FN:49,(anonymous_1)
FN:50,(anonymous_2)
FN:60,(anonymous_3)
FN:63,(anonymous_4)
FN:71,(anonymous_5)
FN:80,(anonymous_6)
FN:93,(anonymous_7)
FN:94,(anonymous_8)
FN:99,(anonymous_9)
FN:110,(anonymous_10)
FN:112,(anonymous_11)
FN:117,(anonymous_12)
FN:136,(anonymous_13)
FN:140,(anonymous_14)
FN:147,(anonymous_15)
FN:201,(anonymous_16)
FN:237,(anonymous_17)
FN:241,(anonymous_18)
FN:242,(anonymous_19)
FNF:20
FNH:0
FNDA:0,ChatScreen
FNDA:0,(anonymous_1)
FNDA:0,(anonymous_2)
FNDA:0,(anonymous_3)
FNDA:0,(anonymous_4)
FNDA:0,(anonymous_5)
FNDA:0,(anonymous_6)
FNDA:0,(anonymous_7)
FNDA:0,(anonymous_8)
FNDA:0,(anonymous_9)
FNDA:0,(anonymous_10)
FNDA:0,(anonymous_11)
FNDA:0,(anonymous_12)
FNDA:0,(anonymous_13)
FNDA:0,(anonymous_14)
FNDA:0,(anonymous_15)
FNDA:0,(anonymous_16)
FNDA:0,(anonymous_17)
FNDA:0,(anonymous_18)
FNDA:0,(anonymous_19)
DA:37,0
DA:38,0
DA:40,0
DA:41,0
DA:42,0
DA:43,0
DA:44,0
DA:46,0
DA:47,0
DA:49,0
DA:50,0
DA:51,0
DA:52,0
DA:55,0
DA:58,0
DA:60,0
DA:61,0
DA:64,0
DA:71,0
DA:72,0
DA:81,0
DA:82,0
DA:83,0
DA:85,0
DA:93,0
DA:94,0
DA:95,0
DA:96,0
DA:98,0
DA:99,0
DA:100,0
DA:105,0
DA:107,0
DA:110,0
DA:111,0
DA:112,0
DA:113,0
DA:117,0
DA:118,0
DA:120,0
DA:121,0
DA:122,0
DA:128,0
DA:130,0
DA:132,0
DA:136,0
DA:137,0
DA:140,0
DA:141,0
DA:143,0
DA:144,0
DA:147,0
DA:148,0
DA:150,0
DA:151,0
DA:160,0
DA:201,0
DA:202,0
DA:203,0
DA:209,0
DA:217,0
DA:237,0
DA:241,0
DA:242,0
DA:272,0
LF:65
LH:0
BRDA:58,0,0,0
BRDA:58,0,1,0
BRDA:98,1,0,0
BRDA:98,1,1,0
BRDA:98,2,0,0
BRDA:98,2,1,0
BRDA:118,3,0,0
BRDA:118,3,1,0
BRDA:118,4,0,0
BRDA:118,4,1,0
BRDA:124,5,0,0
BRDA:124,5,1,0
BRDA:141,6,0,0
BRDA:141,6,1,0
BRDA:143,7,0,0
BRDA:143,7,1,0
BRDA:150,8,0,0
BRDA:150,8,1,0
BRDA:164,9,0,0
BRDA:164,9,1,0
BRDA:167,10,0,0
BRDA:167,10,1,0
BRDA:177,11,0,0
BRDA:177,11,1,0
BRDA:183,12,0,0
BRDA:183,12,1,0
BRDA:191,13,0,0
BRDA:191,13,1,0
BRDA:202,14,0,0
BRDA:202,14,1,0
BRDA:220,15,0,0
BRDA:220,15,1,0
BRDA:221,16,0,0
BRDA:221,16,1,0
BRDA:223,17,0,0
BRDA:223,17,1,0
BRDA:227,18,0,0
BRDA:227,18,1,0
BRDA:239,19,0,0
BRDA:239,19,1,0
BRDA:258,20,0,0
BRDA:258,20,1,0
BRDA:258,20,2,0
BRDA:261,21,0,0
BRDA:261,21,1,0
BRDA:264,22,0,0
BRDA:264,22,1,0
BRF:47
BRH:0
end_of_record
TN:
SF:src/screens/main/CreateRequestScreen.tsx
FN:28,convertStationToInfo
FN:42,convertWeightToPackageWeight
FN:90,CreateRequestScreen
FN:128,(anonymous_3)
FN:130,(anonymous_4)
FN:134,(anonymous_5)
FN:140,(anonymous_6)
FN:150,(anonymous_7)
FN:164,(anonymous_8)
FN:184,(anonymous_9)
FN:205,(anonymous_10)
FN:221,(anonymous_11)
FN:233,(anonymous_12)
FN:258,(anonymous_13)
FN:263,(anonymous_14)
FN:286,(anonymous_15)
FN:298,(anonymous_16)
FN:306,(anonymous_17)
FN:360,(anonymous_18)
FN:375,(anonymous_19)
FN:382,(anonymous_20)
FN:394,(anonymous_21)
FN:414,(anonymous_22)
FN:421,(anonymous_23)
FN:428,(anonymous_24)
FN:464,(anonymous_25)
FN:475,(anonymous_26)
FN:487,(anonymous_27)
FN:494,(anonymous_28)
FN:531,(anonymous_29)
FN:548,(anonymous_30)
FN:582,(anonymous_31)
FN:621,(anonymous_32)
FN:687,(anonymous_33)
FN:743,(anonymous_34)
FN:815,(anonymous_35)
FN:816,(anonymous_36)
FN:831,createStyles
FNF:38
FNH:0
FNDA:0,convertStationToInfo
FNDA:0,convertWeightToPackageWeight
FNDA:0,CreateRequestScreen
FNDA:0,(anonymous_3)
FNDA:0,(anonymous_4)
FNDA:0,(anonymous_5)
FNDA:0,(anonymous_6)
FNDA:0,(anonymous_7)
FNDA:0,(anonymous_8)
FNDA:0,(anonymous_9)
FNDA:0,(anonymous_10)
FNDA:0,(anonymous_11)
FNDA:0,(anonymous_12)
FNDA:0,(anonymous_13)
FNDA:0,(anonymous_14)
FNDA:0,(anonymous_15)
FNDA:0,(anonymous_16)
FNDA:0,(anonymous_17)
FNDA:0,(anonymous_18)
FNDA:0,(anonymous_19)
FNDA:0,(anonymous_20)
FNDA:0,(anonymous_21)
FNDA:0,(anonymous_22)
FNDA:0,(anonymous_23)
FNDA:0,(anonymous_24)
FNDA:0,(anonymous_25)
FNDA:0,(anonymous_26)
FNDA:0,(anonymous_27)
FNDA:0,(anonymous_28)
FNDA:0,(anonymous_29)
FNDA:0,(anonymous_30)
FNDA:0,(anonymous_31)
FNDA:0,(anonymous_32)
FNDA:0,(anonymous_33)
FNDA:0,(anonymous_34)
FNDA:0,(anonymous_35)
FNDA:0,(anonymous_36)
FNDA:0,createStyles
DA:29,0
DA:30,0
DA:43,0
DA:44,0
DA:45,0
DA:66,0
DA:91,0
DA:92,0
DA:93,0
DA:94,0
DA:95,0
DA:98,0
DA:99,0
DA:100,0
DA:101,0
DA:102,0
DA:103,0
DA:104,0
DA:105,0
DA:106,0
DA:107,0
DA:108,0
DA:109,0
DA:110,0
DA:111,0
DA:112,0
DA:115,0
DA:128,0
DA:130,0
DA:131,0
DA:134,0
DA:135,0
DA:136,0
DA:140,0
DA:141,0
DA:142,0
DA:143,0
DA:145,0
DA:146,0
DA:150,0
DA:151,0
DA:153,0
DA:154,0
DA:155,0
DA:157,0
DA:164,0
DA:165,0
DA:167,0
DA:168,0
DA:169,0
DA:171,0
DA:178,0
DA:179,0
DA:180,0
DA:181,0
DA:182,0
DA:184,0
DA:185,0
DA:187,0
DA:188,0
DA:189,0
DA:191,0
DA:205,0
DA:206,0
DA:207,0
DA:208,0
DA:210,0
DA:211,0
DA:212,0
DA:214,0
DA:215,0
DA:216,0
DA:218,0
DA:221,0
DA:222,0
DA:223,0
DA:224,0
DA:226,0
DA:227,0
DA:228,0
DA:230,0
DA:233,0
DA:234,0
DA:235,0
DA:236,0
DA:238,0
DA:239,0
DA:240,0
DA:241,0
DA:243,0
DA:244,0
DA:245,0
DA:247,0
DA:248,0
DA:249,0
DA:251,0
DA:252,0
DA:253,0
DA:255,0
DA:258,0
DA:260,0
DA:263,0
DA:265,0
DA:266,0
DA:267,0
DA:268,0
DA:271,0
DA:272,0
DA:273,0
DA:274,0
DA:277,0
DA:278,0
DA:279,0
DA:280,0
DA:283,0
DA:286,0
DA:287,0
DA:288,0
DA:289,0
DA:290,0
DA:291,0
DA:293,0
DA:294,0
DA:298,0
DA:299,0
DA:300,0
DA:302,0
DA:306,0
DA:307,0
DA:309,0
DA:310,0
DA:311,0
DA:312,0
DA:313,0
DA:315,0
DA:316,0
DA:317,0
DA:319,0
DA:320,0
DA:321,0
DA:324,0
DA:331,0
DA:337,0
DA:354,0
DA:360,0
DA:368,0
DA:369,0
DA:371,0
DA:375,0
DA:376,0
DA:383,0
DA:384,0
DA:395,0
DA:396,0
DA:414,0
DA:415,0
DA:422,0
DA:428,0
DA:464,0
DA:475,0
DA:488,0
DA:494,0
DA:531,0
DA:532,0
DA:549,0
DA:550,0
DA:551,0
DA:552,0
DA:554,0
DA:555,0
DA:557,0
DA:582,0
DA:583,0
DA:621,0
DA:687,0
DA:688,0
DA:743,0
DA:744,0
DA:782,0
DA:815,0
DA:817,0
DA:818,0
DA:820,0
DA:822,0
DA:837,0
LF:185
LH:0
BRDA:34,0,0,0
BRDA:34,0,1,0
BRDA:35,1,0,0
BRDA:35,1,1,0
BRDA:43,2,0,0
BRDA:43,2,1,0
BRDA:44,3,0,0
BRDA:44,3,1,0
BRDA:135,4,0,0
BRDA:135,4,1,0
BRDA:135,5,0,0
BRDA:135,5,1,0
BRDA:135,5,2,0
BRDA:151,6,0,0
BRDA:151,6,1,0
BRDA:151,7,0,0
BRDA:151,7,1,0
BRDA:151,7,2,0
BRDA:165,8,0,0
BRDA:165,8,1,0
BRDA:182,9,0,0
BRDA:182,9,1,0
BRDA:182,10,0,0
BRDA:182,10,1,0
BRDA:182,11,0,0
BRDA:182,11,1,0
BRDA:185,12,0,0
BRDA:185,12,1,0
BRDA:206,13,0,0
BRDA:206,13,1,0
BRDA:210,14,0,0
BRDA:210,14,1,0
BRDA:214,15,0,0
BRDA:214,15,1,0
BRDA:222,16,0,0
BRDA:222,16,1,0
BRDA:222,17,0,0
BRDA:222,17,1,0
BRDA:226,18,0,0
BRDA:226,18,1,0
BRDA:226,19,0,0
BRDA:226,19,1,0
BRDA:234,20,0,0
BRDA:234,20,1,0
BRDA:234,21,0,0
BRDA:234,21,1,0
BRDA:239,22,0,0
BRDA:239,22,1,0
BRDA:251,23,0,0
BRDA:251,23,1,0
BRDA:265,24,0,0
BRDA:265,24,1,0
BRDA:265,25,0,0
BRDA:265,25,1,0
BRDA:266,26,0,0
BRDA:266,26,1,0
BRDA:271,27,0,0
BRDA:271,27,1,0
BRDA:271,28,0,0
BRDA:271,28,1,0
BRDA:272,29,0,0
BRDA:272,29,1,0
BRDA:277,30,0,0
BRDA:277,30,1,0
BRDA:277,31,0,0
BRDA:277,31,1,0
BRDA:278,32,0,0
BRDA:278,32,1,0
BRDA:287,33,0,0
BRDA:287,33,1,0
BRDA:287,34,0,0
BRDA:287,34,1,0
BRDA:288,35,0,0
BRDA:288,35,1,0
BRDA:288,36,0,0
BRDA:288,36,1,0
BRDA:289,37,0,0
BRDA:289,37,1,0
BRDA:289,38,0,0
BRDA:289,38,1,0
BRDA:290,39,0,0
BRDA:290,39,1,0
BRDA:290,40,0,0
BRDA:290,40,1,0
BRDA:291,41,0,0
BRDA:291,41,1,0
BRDA:291,42,0,0
BRDA:291,42,1,0
BRDA:293,43,0,0
BRDA:293,43,1,0
BRDA:299,44,0,0
BRDA:299,44,1,0
BRDA:307,45,0,0
BRDA:307,45,1,0
BRDA:307,46,0,0
BRDA:307,46,1,0
BRDA:307,46,2,0
BRDA:327,47,0,0
BRDA:327,47,1,0
BRDA:327,48,0,0
BRDA:327,48,1,0
BRDA:349,49,0,0
BRDA:349,49,1,0
BRDA:350,50,0,0
BRDA:350,50,1,0
BRDA:351,51,0,0
BRDA:351,51,1,0
BRDA:388,52,0,0
BRDA:388,52,1,0
BRDA:400,53,0,0
BRDA:400,53,1,0
BRDA:404,54,0,0
BRDA:404,54,1,0
BRDA:404,54,2,0
BRDA:404,54,3,0
BRDA:426,55,0,0
BRDA:426,55,1,0
BRDA:433,56,0,0
BRDA:433,56,1,0
BRDA:436,57,0,0
BRDA:436,57,1,0
BRDA:436,58,0,0
BRDA:436,58,1,0
BRDA:436,59,0,0
BRDA:436,59,1,0
BRDA:463,60,0,0
BRDA:463,60,1,0
BRDA:467,61,0,0
BRDA:467,61,1,0
BRDA:469,62,0,0
BRDA:469,62,1,0
BRDA:474,63,0,0
BRDA:474,63,1,0
BRDA:478,64,0,0
BRDA:478,64,1,0
BRDA:480,65,0,0
BRDA:480,65,1,0
BRDA:492,66,0,0
BRDA:492,66,1,0
BRDA:498,67,0,0
BRDA:498,67,1,0
BRDA:504,68,0,0
BRDA:504,68,1,0
BRDA:508,69,0,0
BRDA:508,69,1,0
BRDA:517,70,0,0
BRDA:517,70,1,0
BRDA:521,71,0,0
BRDA:521,71,1,0
BRDA:521,71,2,0
BRDA:551,72,0,0
BRDA:551,72,1,0
BRDA:554,73,0,0
BRDA:554,73,1,0
BRDA:598,74,0,0
BRDA:598,74,1,0
BRDA:598,75,0,0
BRDA:598,75,1,0
BRDA:598,76,0,0
BRDA:598,76,1,0
BRDA:599,77,0,0
BRDA:599,77,1,0
BRDA:600,78,0,0
BRDA:600,78,1,0
BRDA:625,79,0,0
BRDA:625,79,1,0
BRDA:625,79,2,0
BRDA:625,79,3,0
BRDA:631,80,0,0
BRDA:631,80,1,0
BRDA:637,81,0,0
BRDA:637,81,1,0
BRDA:643,82,0,0
BRDA:643,82,1,0
BRDA:652,83,0,0
BRDA:652,83,1,0
BRDA:664,84,0,0
BRDA:664,84,1,0
BRDA:664,84,2,0
BRDA:678,85,0,0
BRDA:678,85,1,0
BRDA:746,86,0,0
BRDA:746,86,1,0
BRDA:747,87,0,0
BRDA:747,87,1,0
BRDA:751,88,0,0
BRDA:751,88,1,0
BRDA:753,89,0,0
BRDA:753,89,1,0
BRDA:754,90,0,0
BRDA:754,90,1,0
BRDA:758,91,0,0
BRDA:758,91,1,0
BRDA:760,92,0,0
BRDA:760,92,1,0
BRDA:761,93,0,0
BRDA:761,93,1,0
BRDA:765,94,0,0
BRDA:765,94,1,0
BRDA:767,95,0,0
BRDA:767,95,1,0
BRDA:768,96,0,0
BRDA:768,96,1,0
BRDA:772,97,0,0
BRDA:772,97,1,0
BRDA:774,98,0,0
BRDA:774,98,1,0
BRDA:775,99,0,0
BRDA:775,99,1,0
BRDA:795,100,0,0
BRDA:795,100,1,0
BRDA:796,101,0,0
BRDA:796,101,1,0
BRDA:797,102,0,0
BRDA:797,102,1,0
BRDA:798,103,0,0
BRDA:798,103,1,0
BRDA:799,104,0,0
BRDA:799,104,1,0
BRDA:802,105,0,0
BRDA:802,105,1,0
BRDA:817,106,0,0
BRDA:817,106,1,0
BRDA:824,107,0,0
BRDA:824,107,1,0
BRF:225
BRH:0
end_of_record
TN:
SF:src/screens/main/CustomerServiceScreen.tsx
FN:72,CustomerServiceScreen
FN:79,(anonymous_1)
FN:85,(anonymous_2)
FN:87,(anonymous_3)
FN:99,(anonymous_4)
FN:181,(anonymous_5)
FN:188,(anonymous_6)
FN:203,(anonymous_7)
FN:207,(anonymous_8)
FNF:9
FNH:0
FNDA:0,CustomerServiceScreen
FNDA:0,(anonymous_1)
FNDA:0,(anonymous_2)
FNDA:0,(anonymous_3)
FNDA:0,(anonymous_4)
FNDA:0,(anonymous_5)
FNDA:0,(anonymous_6)
FNDA:0,(anonymous_7)
FNDA:0,(anonymous_8)
DA:33,0
DA:73,0
DA:74,0
DA:75,0
DA:77,0
DA:79,0
DA:80,0
DA:83,0
DA:85,0
DA:87,0
DA:88,0
DA:89,0
DA:90,0
DA:93,0
DA:100,0
DA:107,0
DA:182,0
DA:188,0
DA:204,0
DA:207,0
DA:230,0
LF:21
LH:0
BRDA:80,0,0,0
BRDA:80,0,1,0
BRDA:83,1,0,0
BRDA:83,1,1,0
BRDA:88,2,0,0
BRDA:88,2,1,0
BRDA:186,3,0,0
BRDA:186,3,1,0
BRDA:193,4,0,0
BRDA:193,4,1,0
BRDA:211,5,0,0
BRDA:211,5,1,0
BRDA:214,6,0,0
BRDA:214,6,1,0
BRF:14
BRH:0
end_of_record
TN:
SF:src/screens/main/DeliveryCompletionScreen.tsx
FN:40,DeliveryCompletionScreen
FN:49,(anonymous_1)
FN:54,(anonymous_2)
FN:63,(anonymous_3)
FN:81,(anonymous_4)
FN:99,(anonymous_5)
FN:117,(anonymous_6)
FN:147,(anonymous_7)
FNF:8
FNH:0
FNDA:0,DeliveryCompletionScreen
FNDA:0,(anonymous_1)
FNDA:0,(anonymous_2)
FNDA:0,(anonymous_3)
FNDA:0,(anonymous_4)
FNDA:0,(anonymous_5)
FNDA:0,(anonymous_6)
FNDA:0,(anonymous_7)
DA:41,0
DA:42,0
DA:43,0
DA:44,0
DA:45,0
DA:46,0
DA:47,0
DA:49,0
DA:50,0
DA:51,0
DA:54,0
DA:55,0
DA:56,0
DA:57,0
DA:59,0
DA:63,0
DA:64,0
DA:65,0
DA:66,0
DA:67,0
DA:68,0
DA:71,0
DA:72,0
DA:77,0
DA:81,0
DA:82,0
DA:83,0
DA:90,0
DA:91,0
DA:94,0
DA:95,0
DA:99,0
DA:100,0
DA:101,0
DA:102,0
DA:103,0
DA:104,0
DA:105,0
DA:107,0
DA:110,0
DA:111,0
DA:113,0
DA:117,0
DA:118,0
DA:119,0
DA:120,0
DA:123,0
DA:124,0
DA:125,0
DA:128,0
DA:130,0
DA:131,0
DA:132,0
DA:141,0
DA:143,0
DA:144,0
DA:148,0
DA:157,0
DA:160,0
DA:161,0
DA:163,0
DA:167,0
DA:168,0
DA:176,0
DA:177,0
DA:179,0
DA:309,0
LF:67
LH:0
BRDA:66,0,0,0
BRDA:66,0,1,0
BRDA:90,1,0,0
BRDA:90,1,1,0
BRDA:90,2,0,0
BRDA:90,2,1,0
BRDA:103,3,0,0
BRDA:103,3,1,0
BRDA:118,4,0,0
BRDA:118,4,1,0
BRDA:123,5,0,0
BRDA:123,5,1,0
BRDA:136,6,0,0
BRDA:136,6,1,0
BRDA:143,7,0,0
BRDA:143,7,1,0
BRDA:167,8,0,0
BRDA:167,8,1,0
BRDA:177,9,0,0
BRDA:177,9,1,0
BRDA:186,10,0,0
BRDA:186,10,1,0
BRDA:210,11,0,0
BRDA:210,11,1,0
BRDA:210,11,2,0
BRDA:216,12,0,0
BRDA:216,12,1,0
BRDA:225,13,0,0
BRDA:225,13,1,0
BRDA:247,14,0,0
BRDA:247,14,1,0
BRDA:281,15,0,0
BRDA:281,15,1,0
BRDA:291,16,0,0
BRDA:291,16,1,0
BRDA:293,17,0,0
BRDA:293,17,1,0
BRDA:295,18,0,0
BRDA:295,18,1,0
BRDA:297,19,0,0
BRDA:297,19,1,0
BRF:41
BRH:0
end_of_record
TN:
SF:src/screens/main/DeliveryTrackingScreen.tsx
FN:40,DeliveryTrackingScreen
FN:49,(anonymous_1)
FN:53,(anonymous_2)
FN:56,(anonymous_3)
FN:83,(anonymous_4)
FN:100,(anonymous_5)
FN:121,(anonymous_6)
FN:142,(anonymous_7)
FN:161,(anonymous_8)
FN:209,(anonymous_9)
FN:311,(anonymous_10)
FN:327,(anonymous_11)
FNF:12
FNH:0
FNDA:0,DeliveryTrackingScreen
FNDA:0,(anonymous_1)
FNDA:0,(anonymous_2)
FNDA:0,(anonymous_3)
FNDA:0,(anonymous_4)
FNDA:0,(anonymous_5)
FNDA:0,(anonymous_6)
FNDA:0,(anonymous_7)
FNDA:0,(anonymous_8)
FNDA:0,(anonymous_9)
FNDA:0,(anonymous_10)
FNDA:0,(anonymous_11)
DA:27,0
DA:41,0
DA:42,0
DA:43,0
DA:44,0
DA:45,0
DA:46,0
DA:47,0
DA:49,0
DA:50,0
DA:52,0
DA:53,0
DA:56,0
DA:57,0
DA:59,0
DA:61,0
DA:62,0
DA:63,0
DA:64,0
DA:65,0
DA:68,0
DA:69,0
DA:70,0
DA:71,0
DA:72,0
DA:73,0
DA:77,0
DA:79,0
DA:83,0
DA:84,0
DA:97,0
DA:100,0
DA:101,0
DA:103,0
DA:105,0
DA:107,0
DA:109,0
DA:111,0
DA:113,0
DA:115,0
DA:117,0
DA:121,0
DA:122,0
DA:124,0
DA:126,0
DA:128,0
DA:130,0
DA:132,0
DA:134,0
DA:136,0
DA:138,0
DA:142,0
DA:144,0
DA:145,0
DA:153,0
DA:154,0
DA:157,0
DA:161,0
DA:210,0
DA:312,0
DA:313,0
DA:314,0
DA:328,0
DA:329,0
DA:330,0
DA:359,0
LF:66
LH:0
BRDA:61,0,0,0
BRDA:61,0,1,0
BRDA:64,1,0,0
BRDA:64,1,1,0
BRDA:69,2,0,0
BRDA:69,2,1,0
BRDA:72,3,0,0
BRDA:72,3,1,0
BRDA:97,4,0,0
BRDA:97,4,1,0
BRDA:101,5,0,0
BRDA:101,5,1,0
BRDA:101,5,2,0
BRDA:101,5,3,0
BRDA:101,5,4,0
BRDA:101,5,5,0
BRDA:101,5,6,0
BRDA:101,5,7,0
BRDA:122,6,0,0
BRDA:122,6,1,0
BRDA:122,6,2,0
BRDA:122,6,3,0
BRDA:122,6,4,0
BRDA:122,6,5,0
BRDA:122,6,6,0
BRDA:122,6,7,0
BRDA:144,7,0,0
BRDA:144,7,1,0
BRDA:153,8,0,0
BRDA:153,8,1,0
BRDA:212,9,0,0
BRDA:212,9,1,0
BRDA:215,10,0,0
BRDA:215,10,1,0
BRDA:222,11,0,0
BRDA:222,11,1,0
BRDA:224,12,0,0
BRDA:224,12,1,0
BRDA:233,13,0,0
BRDA:233,13,1,0
BRDA:239,14,0,0
BRDA:239,14,1,0
BRDA:243,15,0,0
BRDA:243,15,1,0
BRDA:243,15,2,0
BRDA:260,16,0,0
BRDA:260,16,1,0
BRDA:261,17,0,0
BRDA:261,17,1,0
BRDA:262,18,0,0
BRDA:262,18,1,0
BRDA:268,19,0,0
BRDA:268,19,1,0
BRDA:270,20,0,0
BRDA:270,20,1,0
BRDA:279,21,0,0
BRDA:279,21,1,0
BRDA:279,21,2,0
BRDA:303,22,0,0
BRDA:303,22,1,0
BRDA:303,22,2,0
BRDA:303,22,3,0
BRDA:303,22,4,0
BRDA:303,22,5,0
BRDA:308,23,0,0
BRDA:308,23,1,0
BRDA:313,24,0,0
BRDA:313,24,1,0
BRDA:324,25,0,0
BRDA:324,25,1,0
BRDA:329,26,0,0
BRDA:329,26,1,0
BRDA:343,27,0,0
BRDA:343,27,1,0
BRDA:343,27,2,0
BRDA:343,27,3,0
BRDA:343,27,4,0
BRDA:347,28,0,0
BRDA:347,28,1,0
BRDA:348,29,0,0
BRDA:348,29,1,0
BRDA:349,30,0,0
BRDA:349,30,1,0
BRDA:350,31,0,0
BRDA:350,31,1,0
BRF:85
BRH:0
end_of_record
TN:
SF:src/screens/main/EarningsScreen.tsx
FN:76,EarningsScreen
FN:82,(anonymous_1)
FN:86,(anonymous_2)
FN:109,(anonymous_3)
FN:110,(anonymous_4)
FN:111,(anonymous_5)
FN:112,(anonymous_6)
FN:162,(anonymous_7)
FNF:8
FNH:0
FNDA:0,EarningsScreen
FNDA:0,(anonymous_1)
FNDA:0,(anonymous_2)
FNDA:0,(anonymous_3)
FNDA:0,(anonymous_4)
FNDA:0,(anonymous_5)
FNDA:0,(anonymous_6)
FNDA:0,(anonymous_7)
DA:37,0
DA:77,0
DA:78,0
DA:79,0
DA:80,0
DA:82,0
DA:83,0
DA:86,0
DA:87,0
DA:89,0
DA:90,0
DA:91,0
DA:93,0
DA:95,0
DA:99,0
DA:100,0
DA:109,0
DA:110,0
DA:111,0
DA:112,0
DA:114,0
DA:163,0
DA:218,0
LF:23
LH:0
BRDA:87,0,0,0
BRDA:87,0,1,0
BRDA:99,1,0,0
BRDA:99,1,1,0
BRDA:168,2,0,0
BRDA:168,2,1,0
BRDA:171,3,0,0
BRDA:171,3,1,0
BRF:8
BRH:0
end_of_record
TN:
SF:src/screens/main/EditRouteScreen.tsx
FN:34,EditRouteScreen
FN:55,(anonymous_1)
FN:67,(anonymous_2)
FN:79,(anonymous_3)
FN:105,(anonymous_4)
FN:115,(anonymous_5)
FN:128,(anonymous_6)
FN:141,(anonymous_7)
FN:151,(anonymous_8)
FN:160,(anonymous_9)
FN:222,(anonymous_10)
FN:238,(anonymous_11)
FN:242,(anonymous_12)
FN:258,(anonymous_13)
FN:271,(anonymous_14)
FN:282,(anonymous_15)
FN:350,(anonymous_16)
FN:362,(anonymous_17)
FN:377,(anonymous_18)
FN:434,(anonymous_19)
FN:443,(anonymous_20)
FNF:21
FNH:0
FNDA:0,EditRouteScreen
FNDA:0,(anonymous_1)
FNDA:0,(anonymous_2)
FNDA:0,(anonymous_3)
FNDA:0,(anonymous_4)
FNDA:0,(anonymous_5)
FNDA:0,(anonymous_6)
FNDA:0,(anonymous_7)
FNDA:0,(anonymous_8)
FNDA:0,(anonymous_9)
FNDA:0,(anonymous_10)
FNDA:0,(anonymous_11)
FNDA:0,(anonymous_12)
FNDA:0,(anonymous_13)
FNDA:0,(anonymous_14)
FNDA:0,(anonymous_15)
FNDA:0,(anonymous_16)
FNDA:0,(anonymous_17)
FNDA:0,(anonymous_18)
FNDA:0,(anonymous_19)
FNDA:0,(anonymous_20)
DA:35,0
DA:36,0
DA:38,0
DA:40,0
DA:41,0
DA:42,0
DA:43,0
DA:45,0
DA:46,0
DA:47,0
DA:48,0
DA:50,0
DA:51,0
DA:53,0
DA:55,0
DA:56,0
DA:57,0
DA:58,0
DA:59,0
DA:62,0
DA:63,0
DA:67,0
DA:68,0
DA:71,0
DA:76,0
DA:79,0
DA:80,0
DA:81,0
DA:82,0
DA:83,0
DA:85,0
DA:86,0
DA:87,0
DA:88,0
DA:91,0
DA:92,0
DA:93,0
DA:94,0
DA:95,0
DA:97,0
DA:98,0
DA:99,0
DA:101,0
DA:105,0
DA:106,0
DA:107,0
DA:108,0
DA:110,0
DA:111,0
DA:115,0
DA:116,0
DA:125,0
DA:128,0
DA:129,0
DA:138,0
DA:141,0
DA:142,0
DA:143,0
DA:151,0
DA:156,0
DA:160,0
DA:161,0
DA:162,0
DA:167,0
DA:170,0
DA:171,0
DA:176,0
DA:180,0
DA:181,0
DA:182,0
DA:191,0
DA:192,0
DA:197,0
DA:200,0
DA:201,0
DA:210,0
DA:213,0
DA:214,0
DA:222,0
DA:223,0
DA:225,0
DA:226,0
DA:227,0
DA:229,0
DA:236,0
DA:238,0
DA:242,0
DA:247,0
DA:248,0
DA:254,0
DA:258,0
DA:259,0
DA:261,0
DA:263,0
DA:272,0
DA:273,0
DA:274,0
DA:275,0
DA:276,0
DA:282,0
DA:287,0
DA:288,0
DA:300,0
DA:301,0
DA:309,0
DA:350,0
DA:362,0
DA:377,0
DA:434,0
DA:443,0
DA:453,0
LF:111
LH:0
BRDA:38,0,0,0
BRDA:38,0,1,0
BRDA:56,1,0,0
BRDA:56,1,1,0
BRDA:68,2,0,0
BRDA:68,2,1,0
BRDA:71,3,0,0
BRDA:71,3,1,0
BRDA:71,3,2,0
BRDA:71,3,3,0
BRDA:85,4,0,0
BRDA:85,4,1,0
BRDA:120,5,0,0
BRDA:120,5,1,0
BRDA:121,6,0,0
BRDA:121,6,1,0
BRDA:122,7,0,0
BRDA:122,7,1,0
BRDA:123,8,0,0
BRDA:123,8,1,0
BRDA:133,9,0,0
BRDA:133,9,1,0
BRDA:134,10,0,0
BRDA:134,10,1,0
BRDA:135,11,0,0
BRDA:135,11,1,0
BRDA:136,12,0,0
BRDA:136,12,1,0
BRDA:142,13,0,0
BRDA:142,13,1,0
BRDA:161,14,0,0
BRDA:161,14,1,0
BRDA:161,15,0,0
BRDA:161,15,1,0
BRDA:170,16,0,0
BRDA:170,16,1,0
BRDA:191,17,0,0
BRDA:191,17,1,0
BRDA:200,18,0,0
BRDA:200,18,1,0
BRDA:223,19,0,0
BRDA:223,19,1,0
BRDA:223,20,0,0
BRDA:223,20,1,0
BRDA:259,21,0,0
BRDA:259,21,1,0
BRDA:300,22,0,0
BRDA:300,22,1,0
BRDA:325,23,0,0
BRDA:325,23,1,0
BRDA:325,23,2,0
BRDA:330,24,0,0
BRDA:330,24,1,0
BRDA:366,25,0,0
BRDA:366,25,1,0
BRDA:381,26,0,0
BRDA:381,26,1,0
BRDA:413,27,0,0
BRDA:413,27,1,0
BRF:59
BRH:0
end_of_record
TN:
SF:src/screens/main/GillerRequestsScreen.tsx
FN:39,GillerRequestsScreen
FN:52,(anonymous_1)
FN:56,(anonymous_2)
FN:60,(anonymous_3)
FN:71,(anonymous_4)
FN:77,(anonymous_5)
FN:82,(anonymous_6)
FN:91,(anonymous_7)
FN:96,(anonymous_8)
FN:102,(anonymous_9)
FN:111,(anonymous_10)
FN:130,(anonymous_11)
FN:145,(anonymous_12)
FN:160,(anonymous_13)
FN:176,(anonymous_14)
FN:179,(anonymous_15)
FN:244,(anonymous_16)
FN:251,(anonymous_17)
FN:259,(anonymous_18)
FN:267,(anonymous_19)
FN:276,(anonymous_20)
FN:283,(anonymous_21)
FN:290,(anonymous_22)
FN:308,(anonymous_23)
FN:315,(anonymous_24)
FN:327,(anonymous_25)
FN:365,(anonymous_26)
FN:383,(anonymous_27)
FNF:28
FNH:0
FNDA:0,GillerRequestsScreen
FNDA:0,(anonymous_1)
FNDA:0,(anonymous_2)
FNDA:0,(anonymous_3)
FNDA:0,(anonymous_4)
FNDA:0,(anonymous_5)
FNDA:0,(anonymous_6)
FNDA:0,(anonymous_7)
FNDA:0,(anonymous_8)
FNDA:0,(anonymous_9)
FNDA:0,(anonymous_10)
FNDA:0,(anonymous_11)
FNDA:0,(anonymous_12)
FNDA:0,(anonymous_13)
FNDA:0,(anonymous_14)
FNDA:0,(anonymous_15)
FNDA:0,(anonymous_16)
FNDA:0,(anonymous_17)
FNDA:0,(anonymous_18)
FNDA:0,(anonymous_19)
FNDA:0,(anonymous_20)
FNDA:0,(anonymous_21)
FNDA:0,(anonymous_22)
FNDA:0,(anonymous_23)
FNDA:0,(anonymous_24)
FNDA:0,(anonymous_25)
FNDA:0,(anonymous_26)
FNDA:0,(anonymous_27)
DA:40,0
DA:41,0
DA:42,0
DA:43,0
DA:44,0
DA:45,0
DA:46,0
DA:52,0
DA:53,0
DA:56,0
DA:57,0
DA:60,0
DA:61,0
DA:62,0
DA:63,0
DA:65,0
DA:67,0
DA:71,0
DA:72,0
DA:73,0
DA:74,0
DA:77,0
DA:78,0
DA:81,0
DA:82,0
DA:83,0
DA:90,0
DA:91,0
DA:95,0
DA:96,0
DA:99,0
DA:102,0
DA:103,0
DA:104,0
DA:105,0
DA:107,0
DA:108,0
DA:112,0
DA:113,0
DA:122,0
DA:125,0
DA:126,0
DA:130,0
DA:131,0
DA:134,0
DA:140,0
DA:141,0
DA:145,0
DA:146,0
DA:148,0
DA:150,0
DA:152,0
DA:154,0
DA:156,0
DA:160,0
DA:161,0
DA:162,0
DA:163,0
DA:164,0
DA:166,0
DA:167,0
DA:168,0
DA:169,0
DA:171,0
DA:172,0
DA:176,0
DA:177,0
DA:179,0
DA:244,0
DA:251,0
DA:259,0
DA:260,0
DA:267,0
DA:276,0
DA:284,0
DA:290,0
DA:308,0
DA:315,0
DA:316,0
DA:327,0
DA:335,0
DA:336,0
DA:344,0
DA:365,0
DA:383,0
DA:397,0
LF:86
LH:0
BRDA:81,0,0,0
BRDA:81,0,1,0
BRDA:83,1,0,0
BRDA:83,1,1,0
BRDA:83,1,2,0
BRDA:91,2,0,0
BRDA:91,2,1,0
BRDA:95,3,0,0
BRDA:95,3,1,0
BRDA:107,4,0,0
BRDA:107,4,1,0
BRDA:112,5,0,0
BRDA:112,5,1,0
BRDA:146,6,0,0
BRDA:146,6,1,0
BRDA:146,6,2,0
BRDA:146,6,3,0
BRDA:146,6,4,0
BRDA:166,7,0,0
BRDA:166,7,1,0
BRDA:168,8,0,0
BRDA:168,8,1,0
BRDA:222,9,0,0
BRDA:222,9,1,0
BRDA:227,10,0,0
BRDA:227,10,1,0
BRDA:232,11,0,0
BRDA:232,11,1,0
BRDA:267,12,0,0
BRDA:267,12,1,0
BRDA:276,13,0,0
BRDA:276,13,1,0
BRDA:288,14,0,0
BRDA:288,14,1,0
BRDA:295,15,0,0
BRDA:295,15,1,0
BRDA:298,16,0,0
BRDA:298,16,1,0
BRDA:299,17,0,0
BRDA:299,17,1,0
BRDA:300,18,0,0
BRDA:300,18,1,0
BRDA:320,19,0,0
BRDA:320,19,1,0
BRDA:324,20,0,0
BRDA:324,20,1,0
BRDA:324,21,0,0
BRDA:324,21,1,0
BRDA:324,21,2,0
BRDA:335,22,0,0
BRDA:335,22,1,0
BRDA:368,23,0,0
BRDA:368,23,1,0
BRDA:374,24,0,0
BRDA:374,24,1,0
BRDA:386,25,0,0
BRDA:386,25,1,0
BRF:57
BRH:0
end_of_record
TN:
SF:src/screens/main/HomeScreen.tsx
FN:30,(anonymous_0)
FN:48,HomeScreen
FN:56,(anonymous_2)
FN:69,(anonymous_3)
FN:73,(anonymous_4)
FN:80,(anonymous_5)
FN:88,(anonymous_6)
FN:96,(anonymous_7)
FN:100,(anonymous_8)
FN:140,(anonymous_9)
FN:179,GllerDashboard
FN:196,(anonymous_11)
FN:208,(anonymous_12)
FN:225,(anonymous_13)
FN:246,(anonymous_14)
FN:272,GillerDashboard
FN:289,(anonymous_16)
FN:333,(anonymous_17)
FN:375,(anonymous_18)
FN:396,(anonymous_19)
FNF:20
FNH:0
FNDA:0,(anonymous_0)
FNDA:0,HomeScreen
FNDA:0,(anonymous_2)
FNDA:0,(anonymous_3)
FNDA:0,(anonymous_4)
FNDA:0,(anonymous_5)
FNDA:0,(anonymous_6)
FNDA:0,(anonymous_7)
FNDA:0,(anonymous_8)
FNDA:0,(anonymous_9)
FNDA:0,GllerDashboard
FNDA:0,(anonymous_11)
FNDA:0,(anonymous_12)
FNDA:0,(anonymous_13)
FNDA:0,(anonymous_14)
FNDA:0,GillerDashboard
FNDA:0,(anonymous_16)
FNDA:0,(anonymous_17)
FNDA:0,(anonymous_18)
FNDA:0,(anonymous_19)
DA:30,0
DA:31,0
DA:32,0
DA:34,0
DA:35,0
DA:36,0
DA:37,0
DA:49,0
DA:50,0
DA:51,0
DA:52,0
DA:53,0
DA:56,0
DA:57,0
DA:59,0
DA:60,0
DA:61,0
DA:63,0
DA:65,0
DA:69,0
DA:70,0
DA:73,0
DA:74,0
DA:75,0
DA:76,0
DA:80,0
DA:81,0
DA:82,0
DA:83,0
DA:88,0
DA:89,0
DA:91,0
DA:96,0
DA:97,0
DA:100,0
DA:101,0
DA:104,0
DA:140,0
DA:190,0
DA:196,0
DA:208,0
DA:225,0
DA:246,0
DA:283,0
DA:289,0
DA:333,0
DA:375,0
DA:396,0
DA:447,0
LF:49
LH:0
BRDA:31,0,0,0
BRDA:31,0,1,0
BRDA:35,1,0,0
BRDA:35,1,1,0
BRDA:36,2,0,0
BRDA:36,2,1,0
BRDA:57,3,0,0
BRDA:57,3,1,0
BRDA:81,4,0,0
BRDA:81,4,1,0
BRDA:81,5,0,0
BRDA:81,5,1,0
BRDA:82,6,0,0
BRDA:82,6,1,0
BRDA:114,7,0,0
BRDA:114,7,1,0
BRDA:126,8,0,0
BRDA:126,8,1,0
BRDA:133,9,0,0
BRDA:133,9,1,0
BRDA:137,10,0,0
BRDA:137,10,1,0
BRDA:139,11,0,0
BRDA:139,11,1,0
BRDA:140,12,0,0
BRDA:140,12,1,0
BRDA:146,13,0,0
BRDA:146,13,1,0
BRDA:146,14,0,0
BRDA:146,14,1,0
BRDA:199,15,0,0
BRDA:199,15,1,0
BRDA:211,16,0,0
BRDA:211,16,1,0
BRDA:237,17,0,0
BRDA:237,17,1,0
BRDA:258,18,0,0
BRDA:258,18,1,0
BRDA:292,19,0,0
BRDA:292,19,1,0
BRDA:304,20,0,0
BRDA:304,20,1,0
BRDA:316,21,0,0
BRDA:316,21,1,0
BRDA:345,22,0,0
BRDA:345,22,1,0
BRDA:366,23,0,0
BRDA:366,23,1,0
BRDA:387,24,0,0
BRDA:387,24,1,0
BRDA:408,25,0,0
BRDA:408,25,1,0
BRDA:423,26,0,0
BRDA:423,26,1,0
BRDA:429,27,0,0
BRDA:429,27,1,0
BRDA:436,28,0,0
BRDA:436,28,1,0
BRF:58
BRH:0
end_of_record
TN:
SF:src/screens/main/IdentityVerificationScreen.tsx
FN:35,IdentityVerificationScreen
FN:53,(anonymous_1)
FN:83,(anonymous_2)
FN:121,(anonymous_3)
FN:148,(anonymous_4)
FN:155,(anonymous_5)
FN:162,(anonymous_6)
FN:176,(anonymous_7)
FN:199,(anonymous_8)
FNF:9
FNH:0
FNDA:0,IdentityVerificationScreen
FNDA:0,(anonymous_1)
FNDA:0,(anonymous_2)
FNDA:0,(anonymous_3)
FNDA:0,(anonymous_4)
FNDA:0,(anonymous_5)
FNDA:0,(anonymous_6)
FNDA:0,(anonymous_7)
FNDA:0,(anonymous_8)
DA:36,0
DA:37,0
DA:38,0
DA:39,0
DA:40,0
DA:41,0
DA:42,0
DA:43,0
DA:45,0
DA:46,0
DA:53,0
DA:54,0
DA:56,0
DA:57,0
DA:63,0
DA:64,0
DA:67,0
DA:68,0
DA:70,0
DA:71,0
DA:73,0
DA:76,0
DA:77,0
DA:79,0
DA:83,0
DA:84,0
DA:85,0
DA:86,0
DA:89,0
DA:90,0
DA:91,0
DA:94,0
DA:95,0
DA:96,0
DA:99,0
DA:100,0
DA:101,0
DA:104,0
DA:105,0
DA:107,0
DA:116,0
DA:118,0
DA:121,0
DA:124,0
DA:125,0
DA:127,0
DA:131,0
DA:148,0
DA:155,0
DA:162,0
DA:176,0
DA:199,0
DA:301,0
LF:53
LH:0
BRDA:45,0,0,0
BRDA:45,0,1,0
BRDA:54,1,0,0
BRDA:54,1,1,0
BRDA:63,2,0,0
BRDA:63,2,1,0
BRDA:70,3,0,0
BRDA:70,3,1,0
BRDA:84,4,0,0
BRDA:84,4,1,0
BRDA:89,5,0,0
BRDA:89,5,1,0
BRDA:94,6,0,0
BRDA:94,6,1,0
BRDA:94,7,0,0
BRDA:94,7,1,0
BRDA:99,8,0,0
BRDA:99,8,1,0
BRDA:99,9,0,0
BRDA:99,9,1,0
BRDA:110,10,0,0
BRDA:110,10,1,0
BRDA:113,11,0,0
BRDA:113,11,1,0
BRDA:147,12,0,0
BRDA:147,12,1,0
BRDA:154,13,0,0
BRDA:154,13,1,0
BRDA:161,14,0,0
BRDA:161,14,1,0
BRDA:183,15,0,0
BRDA:183,15,1,0
BRDA:185,16,0,0
BRDA:185,16,1,0
BRDA:191,17,0,0
BRDA:191,17,1,0
BRDA:193,18,0,0
BRDA:193,18,1,0
BRDA:196,19,0,0
BRDA:196,19,1,0
BRDA:206,20,0,0
BRDA:206,20,1,0
BRDA:212,21,0,0
BRDA:212,21,1,0
BRDA:214,22,0,0
BRDA:214,22,1,0
BRDA:286,23,0,0
BRDA:286,23,1,0
BRDA:286,23,2,0
BRDA:286,23,3,0
BRDA:288,24,0,0
BRDA:288,24,1,0
BRDA:288,24,2,0
BRDA:288,24,3,0
BRDA:290,25,0,0
BRDA:290,25,1,0
BRF:56
BRH:0
end_of_record
TN:
SF:src/screens/main/MatchingResultScreen.tsx
FN:24,(anonymous_0)
FN:39,(anonymous_1)
FN:40,(anonymous_2)
FN:49,(anonymous_3)
FN:56,(anonymous_4)
FN:60,(anonymous_5)
FN:82,(anonymous_6)
FN:87,(anonymous_7)
FN:89,(anonymous_8)
FN:97,(anonymous_9)
FN:102,(anonymous_10)
FN:111,(anonymous_11)
FN:124,(anonymous_12)
FN:144,(anonymous_13)
FN:153,(anonymous_14)
FN:160,(anonymous_15)
FN:177,(anonymous_16)
FN:185,(anonymous_17)
FN:194,(anonymous_18)
FNF:19
FNH:0
FNDA:0,(anonymous_0)
FNDA:0,(anonymous_1)
FNDA:0,(anonymous_2)
FNDA:0,(anonymous_3)
FNDA:0,(anonymous_4)
FNDA:0,(anonymous_5)
FNDA:0,(anonymous_6)
FNDA:0,(anonymous_7)
FNDA:0,(anonymous_8)
FNDA:0,(anonymous_9)
FNDA:0,(anonymous_10)
FNDA:0,(anonymous_11)
FNDA:0,(anonymous_12)
FNDA:0,(anonymous_13)
FNDA:0,(anonymous_14)
FNDA:0,(anonymous_15)
FNDA:0,(anonymous_16)
FNDA:0,(anonymous_17)
FNDA:0,(anonymous_18)
DA:22,0
DA:24,0
DA:25,0
DA:26,0
DA:27,0
DA:29,0
DA:30,0
DA:31,0
DA:32,0
DA:33,0
DA:34,0
DA:35,0
DA:36,0
DA:39,0
DA:40,0
DA:41,0
DA:49,0
DA:53,0
DA:56,0
DA:60,0
DA:61,0
DA:62,0
DA:63,0
DA:64,0
DA:66,0
DA:68,0
DA:69,0
DA:70,0
DA:72,0
DA:75,0
DA:77,0
DA:82,0
DA:83,0
DA:87,0
DA:88,0
DA:89,0
DA:90,0
DA:91,0
DA:92,0
DA:93,0
DA:97,0
DA:102,0
DA:103,0
DA:111,0
DA:112,0
DA:113,0
DA:115,0
DA:117,0
DA:118,0
DA:125,0
DA:134,0
DA:137,0
DA:139,0
DA:144,0
DA:145,0
DA:154,0
DA:155,0
DA:156,0
DA:158,0
DA:160,0
DA:161,0
DA:163,0
DA:166,0
DA:168,0
DA:177,0
DA:178,0
DA:179,0
DA:180,0
DA:181,0
DA:185,0
DA:186,0
DA:194,0
DA:200,0
DA:201,0
DA:220,0
DA:221,0
DA:240,0
DA:262,0
LF:78
LH:0
BRDA:68,0,0,0
BRDA:68,0,1,0
BRDA:68,1,0,0
BRDA:68,1,1,0
BRDA:72,2,0,0
BRDA:72,2,1,0
BRDA:75,3,0,0
BRDA:75,3,1,0
BRDA:88,4,0,0
BRDA:88,4,1,0
BRDA:90,5,0,0
BRDA:90,5,1,0
BRDA:117,6,0,0
BRDA:117,6,1,0
BRDA:134,7,0,0
BRDA:134,7,1,0
BRDA:137,8,0,0
BRDA:137,8,1,0
BRDA:158,9,0,0
BRDA:158,9,1,0
BRDA:163,10,0,0
BRDA:163,10,1,0
BRDA:166,11,0,0
BRDA:166,11,1,0
BRDA:200,12,0,0
BRDA:200,12,1,0
BRDA:220,13,0,0
BRDA:220,13,1,0
BRDA:229,14,0,0
BRDA:229,14,1,0
BRF:30
BRH:0
end_of_record
TN:
SF:src/screens/main/MyRatingScreen.tsx
FN:26,MyRatingScreen
FN:47,(anonymous_1)
FN:51,(anonymous_2)
FN:71,(anonymous_3)
FN:75,(anonymous_4)
FN:76,(anonymous_5)
FN:105,(anonymous_6)
FN:131,(anonymous_7)
FN:169,(anonymous_8)
FN:185,(anonymous_9)
FNF:10
FNH:0
FNDA:0,MyRatingScreen
FNDA:0,(anonymous_1)
FNDA:0,(anonymous_2)
FNDA:0,(anonymous_3)
FNDA:0,(anonymous_4)
FNDA:0,(anonymous_5)
FNDA:0,(anonymous_6)
FNDA:0,(anonymous_7)
FNDA:0,(anonymous_8)
FNDA:0,(anonymous_9)
DA:27,0
DA:28,0
DA:29,0
DA:38,0
DA:45,0
DA:47,0
DA:48,0
DA:51,0
DA:52,0
DA:54,0
DA:55,0
DA:61,0
DA:62,0
DA:63,0
DA:65,0
DA:67,0
DA:71,0
DA:72,0
DA:75,0
DA:76,0
DA:79,0
DA:81,0
DA:82,0
DA:90,0
DA:106,0
DA:132,0
DA:134,0
DA:138,0
DA:170,0
DA:186,0
DA:207,0
LF:31
LH:0
BRDA:52,0,0,0
BRDA:52,0,1,0
BRDA:76,1,0,0
BRDA:76,1,1,0
BRDA:81,2,0,0
[...]
DA:766,0
DA:767,0
DA:769,0
DA:770,0
DA:773,0
DA:774,0
DA:776,0
DA:777,0
DA:788,0
DA:789,0
DA:792,0
DA:793,0
DA:802,0
DA:803,0
DA:804,0
DA:805,0
DA:808,0
DA:809,0
DA:814,0
DA:815,0
DA:817,0
DA:818,0
DA:819,0
DA:820,0
DA:824,0
DA:832,0
DA:833,0
DA:835,0
DA:836,0
DA:854,0
DA:856,0
DA:857,0
DA:860,0
DA:864,0
DA:865,0
DA:868,0
DA:869,0
DA:872,0
DA:873,0
DA:874,0
DA:876,0
DA:879,0
DA:880,0
DA:881,0
DA:883,0
DA:886,0
DA:887,0
DA:890,0
DA:891,0
DA:892,0
DA:894,0
DA:901,0
DA:902,0
DA:903,0
DA:904,0
DA:906,0
DA:908,0
DA:909,0
DA:920,0
DA:930,0
DA:942,0
DA:944,0
DA:945,0
DA:948,0
DA:949,0
DA:950,0
DA:953,0
DA:954,0
DA:955,0
DA:956,0
DA:958,0
DA:960,0
DA:961,0
DA:973,0
DA:989,0
DA:990,0
DA:1000,0
DA:1001,0
DA:1003,0
LF:307
LH:0
BRDA:60,0,0,0
BRDA:60,0,1,0
BRDA:65,1,0,0
BRDA:65,1,1,0
BRDA:73,2,0,0
BRDA:73,2,1,0
BRDA:143,3,0,0
BRDA:143,3,1,0
BRDA:145,4,0,0
BRDA:145,4,1,0
BRDA:160,5,0,0
BRDA:160,5,1,0
BRDA:172,6,0,0
BRDA:172,6,1,0
BRDA:199,7,0,0
BRDA:199,7,1,0
BRDA:209,8,0,0
BRDA:220,9,0,0
BRDA:220,9,1,0
BRDA:220,9,2,0
BRDA:222,10,0,0
BRDA:222,10,1,0
BRDA:222,11,0,0
BRDA:222,11,1,0
BRDA:242,12,0,0
BRDA:242,12,1,0
BRDA:242,13,0,0
BRDA:242,13,1,0
BRDA:246,14,0,0
BRDA:246,14,1,0
BRDA:251,15,0,0
BRDA:251,15,1,0
BRDA:251,15,2,0
BRDA:251,15,3,0
BRDA:251,15,4,0
BRDA:251,15,5,0
BRDA:251,15,6,0
BRDA:272,16,0,0
BRDA:272,16,1,0
BRDA:272,17,0,0
BRDA:272,17,1,0
BRDA:273,18,0,0
BRDA:273,18,1,0
BRDA:274,19,0,0
BRDA:274,19,1,0
BRDA:274,20,0,0
BRDA:274,20,1,0
BRDA:289,21,0,0
BRDA:289,21,1,0
BRDA:289,22,0,0
BRDA:289,22,1,0
BRDA:291,23,0,0
BRDA:291,23,1,0
BRDA:291,24,0,0
BRDA:291,24,1,0
BRDA:307,25,0,0
BRDA:307,25,1,0
BRDA:307,26,0,0
BRDA:307,26,1,0
BRDA:308,27,0,0
BRDA:308,27,1,0
BRDA:308,28,0,0
BRDA:308,28,1,0
BRDA:346,29,0,0
BRDA:346,29,1,0
BRDA:346,30,0,0
BRDA:346,30,1,0
BRDA:351,31,0,0
BRDA:351,31,1,0
BRDA:357,32,0,0
BRDA:357,32,1,0
BRDA:383,33,0,0
BRDA:383,33,1,0
BRDA:387,34,0,0
BRDA:387,34,1,0
BRDA:391,35,0,0
BRDA:391,35,1,0
BRDA:395,36,0,0
BRDA:395,36,1,0
BRDA:399,37,0,0
BRDA:399,37,1,0
BRDA:404,38,0,0
BRDA:404,38,1,0
BRDA:409,39,0,0
BRDA:409,39,1,0
BRDA:414,40,0,0
BRDA:414,40,1,0
BRDA:418,41,0,0
BRDA:418,41,1,0
BRDA:422,42,0,0
BRDA:422,42,1,0
BRDA:423,43,0,0
BRDA:423,43,1,0
BRDA:425,44,0,0
BRDA:425,44,1,0
BRDA:425,45,0,0
BRDA:425,45,1,0
BRDA:455,46,0,0
BRDA:455,46,1,0
BRDA:467,47,0,0
BRDA:467,47,1,0
BRDA:477,48,0,0
BRDA:477,48,1,0
BRDA:483,49,0,0
BRDA:483,49,1,0
BRDA:528,50,0,0
BRDA:528,50,1,0
BRDA:542,51,0,0
BRDA:542,51,1,0
BRDA:591,52,0,0
BRDA:591,52,1,0
BRDA:608,53,0,0
BRDA:608,53,1,0
BRDA:662,54,0,0
BRDA:662,54,1,0
BRDA:663,55,0,0
BRDA:663,55,1,0
BRDA:673,56,0,0
BRDA:673,56,1,0
BRDA:679,57,0,0
BRDA:679,57,1,0
BRDA:706,58,0,0
BRDA:706,58,1,0
BRDA:712,59,0,0
BRDA:712,59,1,0
BRDA:754,60,0,0
BRDA:754,60,1,0
BRDA:788,61,0,0
BRDA:788,61,1,0
BRDA:788,62,0,0
BRDA:788,62,1,0
BRDA:804,63,0,0
BRDA:804,63,1,0
BRDA:819,64,0,0
BRDA:819,64,1,0
BRDA:819,65,0,0
BRDA:819,65,1,0
BRDA:826,66,0,0
BRDA:826,66,1,0
BRDA:828,67,0,0
BRDA:828,67,1,0
BRDA:856,68,0,0
BRDA:856,68,1,0
BRDA:864,69,0,0
BRDA:864,69,1,0
BRDA:868,70,0,0
BRDA:868,70,1,0
BRDA:872,71,0,0
BRDA:872,71,1,0
BRDA:873,72,0,0
BRDA:873,72,1,0
BRDA:879,73,0,0
BRDA:879,73,1,0
BRDA:880,74,0,0
BRDA:880,74,1,0
BRDA:886,75,0,0
BRDA:886,75,1,0
BRDA:944,76,0,0
BRDA:944,76,1,0
BRDA:1000,77,0,0
BRDA:1000,77,1,0
BRF:161
BRH:0
end_of_record
TN:
SF:src/services/route-validator-service.ts
FN:17,(anonymous_0)
FN:68,(anonymous_1)
FN:69,(anonymous_2)
FN:111,(anonymous_3)
FN:130,(anonymous_4)
FNF:5
FNH:0
FNDA:0,(anonymous_0)
FNDA:0,(anonymous_1)
FNDA:0,(anonymous_2)
FNDA:0,(anonymous_3)
FNDA:0,(anonymous_4)
DA:17,0
DA:23,0
DA:24,0
DA:27,0
DA:28,0
DA:31,0
DA:32,0
DA:35,0
DA:36,0
DA:39,0
DA:40,0
DA:44,0
DA:45,0
DA:48,0
DA:50,0
DA:52,0
DA:53,0
DA:57,0
DA:59,0
DA:62,0
DA:64,0
DA:68,0
DA:69,0
DA:71,0
DA:72,0
DA:76,0
DA:78,0
DA:85,0
DA:86,0
DA:88,0
DA:89,0
DA:94,0
DA:95,0
DA:96,0
DA:97,0
DA:101,0
DA:111,0
DA:117,0
DA:118,0
DA:119,0
DA:122,0
DA:124,0
DA:130,0
DA:137,0
DA:142,0
DA:143,0
DA:145,0
DA:146,0
LF:48
LH:0
BRDA:27,0,0,0
BRDA:27,0,1,0
BRDA:31,1,0,0
BRDA:31,1,1,0
BRDA:35,2,0,0
BRDA:35,2,1,0
BRDA:35,3,0,0
BRDA:35,3,1,0
BRDA:35,3,2,0
BRDA:39,4,0,0
BRDA:39,4,1,0
BRDA:48,5,0,0
BRDA:48,5,1,0
BRDA:50,6,0,0
BRDA:50,6,1,0
BRDA:52,7,0,0
BRDA:52,7,1,0
BRDA:52,8,0,0
BRDA:52,8,1,0
BRDA:57,9,0,0
BRDA:57,9,1,0
BRDA:62,10,0,0
BRDA:62,10,1,0
BRDA:71,11,0,0
BRDA:71,11,1,0
BRDA:71,12,0,0
BRDA:71,12,1,0
BRDA:76,13,0,0
BRDA:76,13,1,0
BRDA:76,14,0,0
BRDA:76,14,1,0
BRDA:88,15,0,0
BRDA:88,15,1,0
BRDA:88,16,0,0
BRDA:88,16,1,0
BRDA:88,16,2,0
BRDA:94,17,0,0
BRDA:94,17,1,0
BRDA:94,18,0,0
BRDA:94,18,1,0
BRDA:94,18,2,0
BRDA:96,19,0,0
BRDA:96,19,1,0
BRF:43
BRH:0
end_of_record
TN:
SF:src/services/tax-invoice-service.ts
FN:31,(anonymous_0)
FN:101,(anonymous_1)
FN:107,(anonymous_2)
FN:116,(anonymous_3)
FN:134,(anonymous_4)
FN:150,(anonymous_5)
FN:165,(anonymous_6)
FN:177,(anonymous_7)
FN:191,(anonymous_8)
FN:205,(anonymous_9)
FN:214,(anonymous_10)
FN:228,(anonymous_11)
FN:238,(anonymous_12)
FN:262,(anonymous_13)
FN:285,(anonymous_14)
FN:291,(anonymous_15)
FN:300,(anonymous_16)
FN:314,(anonymous_17)
FNF:18
FNH:0
FNDA:0,(anonymous_0)
FNDA:0,(anonymous_1)
FNDA:0,(anonymous_2)
FNDA:0,(anonymous_3)
FNDA:0,(anonymous_4)
FNDA:0,(anonymous_5)
FNDA:0,(anonymous_6)
FNDA:0,(anonymous_7)
FNDA:0,(anonymous_8)
FNDA:0,(anonymous_9)
FNDA:0,(anonymous_10)
FNDA:0,(anonymous_11)
FNDA:0,(anonymous_12)
FNDA:0,(anonymous_13)
FNDA:0,(anonymous_14)
FNDA:0,(anonymous_15)
FNDA:0,(anonymous_16)
FNDA:0,(anonymous_17)
DA:20,0
DA:21,0
DA:22,0
DA:32,0
DA:33,0
DA:34,0
DA:37,0
DA:39,0
DA:40,0
DA:41,0
DA:43,0
DA:46,0
DA:49,0
DA:50,0
DA:51,0
DA:52,0
DA:53,0
DA:54,0
DA:57,0
DA:76,0
DA:77,0
DA:80,0
DA:87,0
DA:90,0
DA:102,0
DA:106,0
DA:107,0
DA:121,0
DA:127,0
DA:128,0
DA:137,0
DA:153,0
DA:156,0
DA:157,0
DA:159,0
DA:171,0
DA:178,0
DA:179,0
DA:180,0
DA:182,0
DA:195,0
DA:200,0
DA:201,0
DA:204,0
DA:205,0
DA:218,0
DA:219,0
DA:229,0
DA:232,0
DA:239,0
DA:244,0
DA:245,0
DA:247,0
DA:248,0
DA:249,0
DA:250,0
DA:253,0
DA:254,0
DA:267,0
DA:268,0
DA:269,0
DA:270,0
DA:271,0
DA:273,0
DA:286,0
DA:290,0
DA:291,0
DA:301,0
DA:302,0
DA:304,0
DA:315,0
DA:316,0
DA:319,0
LF:73
LH:0
BRDA:41,0,0,0
BRDA:41,0,1,0
BRDA:179,1,0,0
BRDA:179,1,1,0
BRDA:200,2,0,0
BRDA:200,2,1,0
BRDA:253,3,0,0
BRDA:253,3,1,0
BRDA:302,4,0,0
BRDA:302,4,1,0
BRDA:316,5,0,0
BRDA:316,5,1,0
BRF:12
BRH:0
end_of_record
TN:
SF:src/services/transfer-service.ts
FN:21,(anonymous_0)
FN:67,(anonymous_1)
FN:86,(anonymous_2)
FN:99,(anonymous_3)
FN:122,(anonymous_4)
FN:161,(anonymous_5)
FN:196,(anonymous_6)
FN:215,(anonymous_7)
FN:224,(anonymous_8)
FN:235,createTransferService
FNF:10
FNH:0
FNDA:0,(anonymous_0)
FNDA:0,(anonymous_1)
FNDA:0,(anonymous_2)
FNDA:0,(anonymous_3)
FNDA:0,(anonymous_4)
FNDA:0,(anonymous_5)
FNDA:0,(anonymous_6)
FNDA:0,(anonymous_7)
FNDA:0,(anonymous_8)
FNDA:0,createTransferService
DA:12,0
DA:27,0
DA:29,0
DA:30,0
DA:34,0
DA:35,0
DA:41,0
DA:42,0
DA:46,0
DA:49,0
DA:51,0
DA:69,0
DA:74,0
DA:78,0
DA:89,0
DA:109,0
DA:110,0
DA:111,0
DA:113,0
DA:127,0
DA:130,0
DA:131,0
DA:132,0
DA:134,0
DA:135,0
DA:139,0
DA:142,0
DA:144,0
DA:167,0
DA:187,0
DA:188,0
DA:197,0
DA:198,0
DA:200,0
DA:201,0
DA:204,0
DA:216,0
DA:221,0
DA:222,0
DA:224,0
DA:225,0
DA:231,0
DA:236,0
LF:43
LH:0
BRDA:24,0,0,0
BRDA:29,1,0,0
BRDA:29,1,1,0
BRDA:41,2,0,0
BRDA:41,2,1,0
BRDA:69,3,0,0
BRDA:69,3,1,0
BRDA:69,4,0,0
BRDA:69,4,1,0
BRDA:69,4,2,0
BRDA:69,4,3,0
BRDA:131,5,0,0
BRDA:131,5,1,0
BRDA:131,6,0,0
BRDA:131,6,1,0
BRDA:134,7,0,0
BRDA:134,7,1,0
BRDA:134,8,0,0
BRDA:134,8,1,0
BRDA:173,9,0,0
BRDA:173,9,1,0
BRDA:200,10,0,0
BRDA:200,10,1,0
BRF:23
BRH:0
end_of_record
TN:
SF:src/services/user-service.ts
FN:27,getCurrentUser
FN:56,getUserById
FN:121,updateUserProfile
FN:152,getUserStats
FN:217,saveFCMToken
FN:239,getUserDeliveryHistory
FN:252,(anonymous_6)
FN:262,(anonymous_7)
FN:279,updateLastActive
FN:299,createUser
FNF:10
FNH:0
FNDA:0,getCurrentUser
FNDA:0,getUserById
FNDA:0,updateUserProfile
FNDA:0,getUserStats
FNDA:0,saveFCMToken
FNDA:0,getUserDeliveryHistory
FNDA:0,(anonymous_6)
FNDA:0,(anonymous_7)
FNDA:0,updateLastActive
FNDA:0,createUser
DA:28,0
DA:30,0
DA:31,0
DA:34,0
DA:57,0
DA:58,0
DA:59,0
DA:61,0
DA:62,0
DA:65,0
DA:66,0
DA:110,0
DA:111,0
DA:125,0
DA:126,0
DA:128,0
DA:133,0
DA:135,0
DA:136,0
DA:137,0
DA:140,0
DA:142,0
DA:143,0
DA:159,0
DA:161,0
DA:167,0
DA:168,0
DA:172,0
DA:176,0
DA:180,0
DA:183,0
DA:188,0
DA:189,0
DA:193,0
DA:201,0
DA:202,0
DA:218,0
DA:219,0
DA:221,0
DA:226,0
DA:228,0
DA:229,0
DA:243,0
DA:244,0
DA:249,0
DA:250,0
DA:252,0
DA:253,0
DA:254,0
DA:262,0
DA:263,0
DA:264,0
DA:265,0
DA:268,0
DA:270,0
DA:271,0
DA:280,0
DA:281,0
DA:283,0
DA:287,0
DA:305,0
DA:306,0
DA:308,0
DA:376,0
DA:378,0
DA:380,0
DA:382,0
DA:383,0
LF:68
LH:0
BRDA:30,0,0,0
BRDA:30,0,1,0
BRDA:36,1,0,0
BRDA:36,1,1,0
BRDA:37,2,0,0
BRDA:37,2,1,0
BRDA:61,3,0,0
BRDA:61,3,1,0
BRDA:68,4,0,0
BRDA:68,4,1,0
BRDA:69,5,0,0
BRDA:69,5,1,0
BRDA:70,6,0,0
BRDA:70,6,1,0
BRDA:71,7,0,0
BRDA:71,7,1,0
BRDA:77,8,0,0
BRDA:77,8,1,0
BRDA:78,9,0,0
BRDA:78,9,1,0
BRDA:79,10,0,0
BRDA:79,10,1,0
BRDA:80,11,0,0
BRDA:80,11,1,0
BRDA:89,12,0,0
BRDA:89,12,1,0
BRDA:97,13,0,0
BRDA:97,13,1,0
BRDA:103,14,0,0
BRDA:103,14,1,0
BRDA:136,15,0,0
BRDA:136,15,1,0
BRDA:189,16,0,0
BRDA:189,16,1,0
BRDA:241,17,0,0
BRDA:257,18,0,0
BRDA:257,18,1,0
BRDA:263,19,0,0
BRDA:263,19,1,0
BRDA:264,20,0,0
BRDA:264,20,1,0
BRDA:303,21,0,0
BRF:42
BRH:0
end_of_record
TN:
SF:src/services/verification-service.ts
FN:27,getUserVerification
FN:61,uploadIdCardImage
FN:87,submitVerification
FN:129,updateVerificationRecordStatus
FN:166,getVerificationStatusDisplay
FNF:5
FNH:0
FNDA:0,getUserVerification
FNDA:0,uploadIdCardImage
FNDA:0,submitVerification
FNDA:0,updateVerificationRecordStatus
FNDA:0,getVerificationStatusDisplay
DA:22,0
DA:30,0
DA:31,0
DA:32,0
DA:34,0
DA:35,0
DA:38,0
DA:39,0
DA:53,0
DA:54,0
DA:66,0
DA:67,0
DA:68,0
DA:70,0
DA:74,0
DA:76,0
DA:77,0
DA:79,0
DA:80,0
DA:91,0
DA:92,0
DA:94,0
DA:108,0
DA:109,0
DA:115,0
DA:121,0
DA:122,0
DA:135,0
DA:136,0
DA:138,0
DA:143,0
DA:144,0
DA:145,0
DA:148,0
DA:149,0
DA:152,0
DA:154,0
DA:155,0
DA:158,0
DA:159,0
DA:175,0
DA:176,0
DA:185,0
DA:187,0
DA:195,0
DA:203,0
DA:211,0
DA:219,0
LF:48
LH:0
BRDA:34,0,0,0
BRDA:34,0,1,0
BRDA:40,1,0,0
BRDA:40,1,1,0
BRDA:41,2,0,0
BRDA:41,2,1,0
BRDA:143,3,0,0
BRDA:143,3,1,0
BRDA:143,4,0,0
BRDA:143,4,1,0
BRDA:143,4,2,0
BRDA:148,5,0,0
BRDA:148,5,1,0
BRDA:148,6,0,0
BRDA:148,6,1,0
BRDA:154,7,0,0
BRDA:154,7,1,0
BRDA:175,8,0,0
BRDA:175,8,1,0
BRDA:185,9,0,0
BRDA:185,9,1,0
BRDA:185,9,2,0
BRDA:185,9,3,0
BRDA:185,9,4,0
BRDA:216,10,0,0
BRDA:216,10,1,0
BRF:26
BRH:0
end_of_record
TN:
SF:src/services/matching/OneTimeMatchingService.ts
FN:20,(anonymous_0)
FN:56,(anonymous_1)
FN:65,(anonymous_2)
FN:79,(anonymous_3)
FN:89,(anonymous_4)
FN:111,(anonymous_5)
FN:134,(anonymous_6)
FN:148,(anonymous_7)
FN:165,(anonymous_8)
FN:206,(anonymous_9)
FN:215,(anonymous_10)
FN:224,(anonymous_11)
FN:232,(anonymous_12)
FNF:13
FNH:0
FNDA:0,(anonymous_0)
FNDA:0,(anonymous_1)
FNDA:0,(anonymous_2)
FNDA:0,(anonymous_3)
FNDA:0,(anonymous_4)
FNDA:0,(anonymous_5)
FNDA:0,(anonymous_6)
FNDA:0,(anonymous_7)
FNDA:0,(anonymous_8)
FNDA:0,(anonymous_9)
FNDA:0,(anonymous_10)
FNDA:0,(anonymous_11)
FNDA:0,(anonymous_12)
DA:21,0
DA:24,0
DA:25,0
DA:28,0
DA:29,0
DA:33,0
DA:37,0
DA:38,0
DA:42,0
DA:48,0
DA:50,0
DA:51,0
DA:52,0
DA:56,0
DA:58,0
DA:59,0
DA:66,0
DA:67,0
DA:69,0
DA:70,0
DA:73,0
DA:83,0
DA:84,0
DA:86,0
DA:87,0
DA:89,0
DA:90,0
DA:91,0
DA:98,0
DA:99,0
DA:100,0
DA:105,0
DA:117,0
DA:118,0
DA:119,0
DA:120,0
DA:121,0
DA:124,0
DA:126,0
DA:128,0
DA:139,0
DA:140,0
DA:145,0
DA:146,0
DA:148,0
DA:149,0
DA:151,0
DA:152,0
DA:159,0
DA:171,0
DA:172,0
DA:173,0
DA:174,0
DA:176,0
DA:178,0
DA:208,0
DA:209,0
DA:217,0
DA:218,0
DA:225,0
DA:226,0
DA:234,0
DA:235,0
LF:63
LH:0
BRDA:24,0,0,0
BRDA:24,0,1,0
BRDA:28,1,0,0
BRDA:28,1,1,0
BRDA:33,2,0,0
BRDA:33,2,1,0
BRDA:37,3,0,0
BRDA:37,3,1,0
BRDA:69,4,0,0
BRDA:69,4,1,0
BRDA:98,5,0,0
BRDA:98,5,1,0
BRDA:105,6,0,0
BRDA:105,6,1,0
BRDA:151,7,0,0
BRDA:151,7,1,0
BRDA:180,8,0,0
BRDA:180,8,1,0
BRDA:181,9,0,0
BRDA:181,9,1,0
BRDA:190,10,0,0
BRDA:190,10,1,0
BRDA:191,11,0,0
BRDA:191,11,1,0
BRDA:192,12,0,0
BRDA:192,12,1,0
BRDA:193,13,0,0
BRDA:193,13,1,0
BRDA:196,14,0,0
BRDA:196,14,1,0
BRDA:197,15,0,0
BRDA:197,15,1,0
BRDA:198,16,0,0
BRDA:198,16,1,0
BRDA:208,17,0,0
BRDA:208,17,1,0
BRDA:209,18,0,0
BRDA:209,18,1,0
BRDA:217,19,0,0
BRDA:217,19,1,0
BRDA:225,20,0,0
BRDA:225,20,1,0
BRDA:234,21,0,0
BRDA:234,21,1,0
BRF:44
BRH:0
end_of_record
TN:
SF:src/services/matching/PricingService.ts
FN:63,(anonymous_0)
FN:132,(anonymous_1)
FN:164,(anonymous_2)
FN:191,(anonymous_3)
FN:221,(anonymous_4)
FN:234,(anonymous_5)
FN:255,(anonymous_6)
FN:271,(anonymous_7)
FN:288,(anonymous_8)
FN:305,(anonymous_9)
FN:315,(anonymous_10)
FN:326,(anonymous_11)
FNF:12
FNH:0
FNDA:0,(anonymous_0)
FNDA:0,(anonymous_1)
FNDA:0,(anonymous_2)
FNDA:0,(anonymous_3)
FNDA:0,(anonymous_4)
FNDA:0,(anonymous_5)
FNDA:0,(anonymous_6)
FNDA:0,(anonymous_7)
FNDA:0,(anonymous_8)
FNDA:0,(anonymous_9)
FNDA:0,(anonymous_10)
FNDA:0,(anonymous_11)
DA:12,0
DA:50,0
DA:51,0
DA:64,0
DA:67,0
DA:70,0
DA:76,0
DA:77,0
DA:78,0
DA:83,0
DA:87,0
DA:88,0
DA:89,0
DA:90,0
DA:91,0
DA:96,0
DA:100,0
DA:103,0
DA:104,0
DA:112,0
DA:113,0
DA:114,0
DA:115,0
DA:120,0
DA:121,0
DA:122,0
DA:130,0
DA:132,0
DA:136,0
DA:137,0
DA:138,0
DA:140,0
DA:153,0
DA:154,0
DA:168,0
DA:170,0
DA:171,0
DA:174,0
DA:181,0
DA:182,0
DA:189,0
DA:191,0
DA:195,0
DA:196,0
DA:198,0
DA:211,0
DA:212,0
DA:222,0
DA:223,0
DA:224,0
DA:225,0
DA:236,0
DA:237,0
DA:241,0
DA:242,0
DA:246,0
DA:256,0
DA:257,0
DA:258,0
DA:259,0
DA:261,0
DA:273,0
DA:274,0
DA:275,0
DA:276,0
DA:278,0
DA:289,0
DA:291,0
DA:293,0
DA:295,0
DA:306,0
DA:316,0
DA:331,0
DA:332,0
DA:333,0
DA:334,0
DA:336,0
LF:77
LH:0
BRDA:76,0,0,0
BRDA:76,0,1,0
BRDA:87,1,0,0
BRDA:87,1,1,0
BRDA:89,2,0,0
BRDA:89,2,1,0
BRDA:94,3,0,0
BRDA:94,3,1,0
BRDA:103,4,0,0
BRDA:103,4,1,0
BRDA:113,5,0,0
BRDA:113,5,1,0
BRDA:120,6,0,0
BRDA:120,6,1,0
BRDA:221,7,0,0
BRDA:223,8,0,0
BRDA:223,8,1,0
BRDA:224,9,0,0
BRDA:224,9,1,0
BRDA:225,10,0,0
BRDA:225,10,1,0
BRDA:236,11,0,0
BRDA:236,11,1,0
BRDA:241,12,0,0
BRDA:241,12,1,0
BRDA:256,13,0,0
BRDA:256,13,1,0
BRDA:258,14,0,0
BRDA:258,14,1,0
BRDA:273,15,0,0
BRDA:273,15,1,0
BRDA:275,16,0,0
BRDA:275,16,1,0
BRDA:289,17,0,0
BRDA:289,17,1,0
BRDA:289,17,2,0
BRF:36
BRH:0
end_of_record
TN:
SF:src/services/matching/TransferMatchingService.ts
FN:20,(anonymous_0)
FN:57,(anonymous_1)
FN:72,(anonymous_2)
FN:85,(anonymous_3)
FN:116,(anonymous_4)
FN:125,(anonymous_5)
FN:161,(anonymous_6)
FN:170,(anonymous_7)
FN:205,(anonymous_8)
FN:261,(anonymous_9)
FN:288,(anonymous_10)
FN:301,(anonymous_11)
FN:317,(anonymous_12)
FN:361,(anonymous_13)
FN:374,(anonymous_14)
FN:382,(anonymous_15)
FNF:16
FNH:0
FNDA:0,(anonymous_0)
FNDA:0,(anonymous_1)
FNDA:0,(anonymous_2)
FNDA:0,(anonymous_3)
FNDA:0,(anonymous_4)
FNDA:0,(anonymous_5)
FNDA:0,(anonymous_6)
FNDA:0,(anonymous_7)
FNDA:0,(anonymous_8)
FNDA:0,(anonymous_9)
FNDA:0,(anonymous_10)
FNDA:0,(anonymous_11)
FNDA:0,(anonymous_12)
FNDA:0,(anonymous_13)
FNDA:0,(anonymous_14)
FNDA:0,(anonymous_15)
DA:21,0
DA:24,0
DA:26,0
DA:27,0
DA:28,0
DA:29,0
DA:34,0
DA:40,0
DA:43,0
DA:44,0
DA:49,0
DA:50,0
DA:55,0
DA:57,0
DA:58,0
DA:61,0
DA:66,0
DA:67,0
DA:72,0
DA:74,0
DA:75,0
DA:89,0
DA:92,0
DA:98,0
DA:104,0
DA:106,0
DA:107,0
DA:112,0
DA:116,0
DA:118,0
DA:119,0
DA:126,0
DA:127,0
DA:129,0
DA:130,0
DA:133,0
DA:136,0
DA:137,0
DA:140,0
DA:165,0
DA:166,0
DA:168,0
DA:170,0
DA:171,0
DA:174,0
DA:180,0
DA:199,0
DA:211,0
DA:218,0
DA:224,0
DA:225,0
DA:229,0
DA:255,0
DA:267,0
DA:268,0
DA:274,0
DA:276,0
DA:277,0
DA:280,0
DA:281,0
DA:282,0
DA:292,0
DA:293,0
DA:298,0
DA:299,0
DA:301,0
DA:302,0
DA:303,0
DA:304,0
DA:311,0
DA:323,0
DA:324,0
DA:325,0
DA:326,0
DA:328,0
DA:333,0
DA:363,0
DA:364,0
DA:365,0
DA:366,0
DA:368,0
DA:375,0
DA:376,0
DA:383,0
DA:384,0
LF:85
LH:0
BRDA:26,0,0,0
BRDA:26,0,1,0
BRDA:28,1,0,0
BRDA:28,1,1,0
BRDA:49,2,0,0
BRDA:49,2,1,0
BRDA:57,3,0,0
BRDA:57,3,1,0
BRDA:66,4,0,0
BRDA:66,4,1,0
BRDA:129,5,0,0
BRDA:129,5,1,0
BRDA:136,6,0,0
BRDA:136,6,1,0
BRDA:136,7,0,0
BRDA:136,7,1,0
BRDA:149,8,0,0
BRDA:149,8,1,0
BRDA:151,9,0,0
BRDA:151,9,1,0
BRDA:152,10,0,0
BRDA:152,10,1,0
BRDA:153,11,0,0
BRDA:153,11,1,0
BRDA:174,12,0,0
BRDA:174,12,1,0
BRDA:175,13,0,0
BRDA:175,13,1,0
BRDA:175,13,2,0
BRDA:175,13,3,0
BRDA:189,14,0,0
BRDA:189,14,1,0
BRDA:191,15,0,0
BRDA:191,15,1,0
BRDA:192,16,0,0
BRDA:192,16,1,0
BRDA:193,17,0,0
BRDA:193,17,1,0
BRDA:224,18,0,0
BRDA:224,18,1,0
BRDA:224,19,0,0
BRDA:224,19,1,0
BRDA:276,20,0,0
BRDA:276,20,1,0
BRDA:282,21,0,0
BRDA:282,21,1,0
BRDA:303,22,0,0
BRDA:303,22,1,0
BRDA:335,23,0,0
BRDA:335,23,1,0
BRDA:336,24,0,0
BRDA:336,24,1,0
BRDA:352,25,0,0
BRDA:352,25,1,0
BRDA:353,26,0,0
BRDA:353,26,1,0
BRDA:364,27,0,0
BRDA:364,27,1,0
BRDA:365,28,0,0
BRDA:365,28,1,0
BRDA:366,29,0,0
BRDA:366,29,1,0
BRDA:383,30,0,0
BRDA:383,30,1,0
BRF:64
BRH:0
end_of_record
TN:
SF:src/theme/colors.ts
FNF:0
FNH:0
DA:6,0
LF:1
LH:0
BRF:0
BRH:0
end_of_record
TN:
SF:src/theme/index.ts
FNF:0
FNH:0
LF:0
LH:0
BRF:0
BRH:0
end_of_record
TN:
SF:src/theme/spacing.ts
FNF:0
FNH:0
DA:6,0
DA:19,0
DA:27,0
LF:3
LH:0
BRF:0
BRH:0
end_of_record
TN:
SF:src/theme/typography.ts
FNF:0
FNH:0
DA:6,0
DA:36,0
LF:2
LH:0
BRF:0
BRH:0
end_of_record
TN:
SF:src/utils/date.ts
FN:3,toJsDate
FN:8,formatDateTimeKR
FN:25,formatTimeKR
FNF:3
FNH:0
FNDA:0,toJsDate
FNDA:0,formatDateTimeKR
FNDA:0,formatTimeKR
DA:4,0
DA:5,0
DA:9,0
DA:10,0
DA:11,0
DA:12,0
DA:21,0
DA:26,0
DA:27,0
DA:28,0
DA:29,0
DA:35,0
LF:12
LH:0
BRDA:4,0,0,0
BRDA:4,0,1,0
BRDA:5,1,0,0
BRDA:5,1,1,0
BRDA:10,2,0,0
BRDA:10,2,1,0
BRDA:27,3,0,0
BRDA:27,3,1,0
BRF:8
BRH:0
end_of_record
TN:
SF:src/utils/network.ts
FN:12,isNetworkAvailable
FN:25,getConnectionType
FN:49,addNetworkListener
FN:50,(anonymous_3)
FNF:4
FNH:0
FNDA:0,isNetworkAvailable
FNDA:0,getConnectionType
FNDA:0,addNetworkListener
FNDA:0,(anonymous_3)
DA:13,0
DA:14,0
DA:15,0
DA:17,0
DA:18,0
DA:26,0
DA:27,0
DA:29,0
DA:30,0
DA:33,0
DA:34,0
DA:35,0
DA:36,0
DA:39,0
DA:41,0
DA:42,0
DA:50,0
DA:51,0
DA:53,0
LF:19
LH:0
BRDA:15,0,0,0
BRDA:15,0,1,0
BRDA:29,1,0,0
BRDA:29,1,1,0
BRDA:33,2,0,0
BRDA:33,2,1,0
BRDA:35,3,0,0
BRDA:35,3,1,0
BRDA:51,4,0,0
BRDA:51,4,1,0
BRF:10
BRH:0
end_of_record
TN:
SF:src/utils/request-adapters.ts
FN:39,toRequestDetailView
FN:64,toTrackingModel
FN:70,(anonymous_2)
FN:155,eventTitle
FN:176,toDateOrUndefined
FNF:5
FNH:0
FNDA:0,toRequestDetailView
FNDA:0,toTrackingModel
FNDA:0,(anonymous_2)
FNDA:0,eventTitle
FNDA:0,toDateOrUndefined
DA:40,0
DA:65,0
DA:66,0
DA:67,0
DA:69,0
DA:70,0
DA:79,0
DA:131,0
DA:156,0
DA:158,0
DA:160,0
DA:162,0
DA:164,0
DA:166,0
DA:168,0
DA:170,0
DA:172,0
DA:177,0
DA:178,0
LF:19
LH:0
BRDA:43,0,0,0
BRDA:43,0,1,0
BRDA:44,1,0,0
BRDA:44,1,1,0
BRDA:47,2,0,0
BRDA:47,2,1,0
BRDA:48,3,0,0
BRDA:48,3,1,0
BRDA:51,4,0,0
BRDA:51,4,1,0
BRDA:52,5,0,0
BRDA:52,5,1,0
BRDA:55,6,0,0
BRDA:55,6,1,0
BRDA:56,7,0,0
BRDA:56,7,1,0
BRDA:58,8,0,0
BRDA:58,8,1,0
BRDA:60,9,0,0
BRDA:60,9,1,0
BRDA:69,10,0,0
BRDA:69,10,1,0
BRDA:73,11,0,0
BRDA:73,11,1,0
BRDA:134,12,0,0
BRDA:134,12,1,0
BRDA:135,13,0,0
BRDA:135,13,1,0
BRDA:138,14,0,0
BRDA:138,14,1,0
BRDA:139,15,0,0
BRDA:139,15,1,0
BRDA:142,16,0,0
BRDA:142,16,1,0
BRDA:143,17,0,0
BRDA:143,17,1,0
BRDA:146,18,0,0
BRDA:146,18,1,0
BRDA:147,19,0,0
BRDA:147,19,1,0
BRDA:150,20,0,0
BRDA:150,20,1,0
BRDA:156,21,0,0
BRDA:156,21,1,0
BRDA:156,21,2,0
BRDA:156,21,3,0
BRDA:156,21,4,0
BRDA:156,21,5,0
BRDA:156,21,6,0
BRDA:156,21,7,0
BRDA:177,22,0,0
BRDA:177,22,1,0
BRDA:178,23,0,0
BRDA:178,23,1,0
BRF:54
BRH:0
end_of_record
TN:
SF:src/utils/storage.ts
FN:23,saveOnboardingStep
FN:35,getOnboardingStep
FN:47,saveOnboardingTempData
FN:59,getOnboardingTempData
FN:72,clearOnboardingData
FN:87,saveCurrentRole
FN:99,getCurrentRole
FNF:7
FNH:0
FNDA:0,saveOnboardingStep
FNDA:0,getOnboardingStep
FNDA:0,saveOnboardingTempData
FNDA:0,getOnboardingTempData
FNDA:0,clearOnboardingData
FNDA:0,saveCurrentRole
FNDA:0,getCurrentRole
DA:8,0
DA:24,0
DA:25,0
DA:26,0
DA:28,0
DA:36,0
DA:37,0
DA:39,0
DA:40,0
DA:48,0
DA:49,0
DA:50,0
DA:52,0
DA:60,0
DA:61,0
DA:62,0
DA:64,0
DA:65,0
DA:73,0
DA:74,0
DA:78,0
DA:80,0
DA:88,0
DA:90,0
DA:92,0
DA:100,0
DA:103,0
DA:104,0
DA:106,0
DA:107,0
LF:30
LH:0
BRDA:62,0,0,0
BRDA:62,0,1,0
BRF:2
BRH:0
end_of_record
